--------------------Predict--------------------
2023-08-08 11:05:21.621 | DEBUG    | src.predict:predict:74 - Predict for Model 0
2023-08-08 11:05:21.622 | INFO     | src.predict:predict:76 - Current Path: 
2023-08-08 11:05:21.622 | INFO     | src.predict:predict:77 - Task: open the stopwatch
2023-08-08 11:05:45.571 | INFO     | src.predict:predict:186 - Response: {'Page': 'Home screen or dashboard', 'id=1': ["<div description='Expanded Clock Widget'> </div>"], 'id=2': [], 'id=3': ["<div description='Expanded Browser Widget'> </div>"], 'id=4': [], 'id=5': ["<div description='Expanded Weather Widget'> </div>"], 'id=6': [], 'id=7': [], 'id=8': [], 'id=9': [], 'id=10': [], 'id=11': [], 'id=12': [], 'id=13': []}
2023-08-08 11:05:45.574 | WARNING  | src.predict:predict:191 - Components: {"<div id=1 class='' description='ClockCan be expanded into a service widget'> Clock </div>\n": ["<div description='Expanded Clock Widget'> </div>"], "<div id=2 class='' description='YouTube'> YouTube </div>\n": [], "<div id=3 class='' description='BrowserCan be expanded into a service widget'> Browser </div>\n": ["<div description='Expanded Browser Widget'> </div>"], "<div id=4 class='' description='Settings'> Settings </div>\n": [], "<div id=5 class='' description='WeatherCan be expanded into a service widget'> Weather </div>\n": ["<div description='Expanded Weather Widget'> </div>"], "<div id=6 class='' description='Instagram'> Instagram </div>\n": [], "<div id=7 class='' description='X'> X </div>\n": [], "<div id=8 class='' description='Play Store'> Play Store </div>\n": [], "<div id=9 class='' description='Maps'> Maps </div>\n": [], "<div id=10 class='' description='Calendar'> Calendar </div>\n": [], "<div id=11 class='' description='Drive'> Drive </div>\n": [], "<div id=12 class='' description='Gmail'> Gmail </div>\n": [], "<div id=13 class='' description='Google'> Google </div>\n": []}
2023-08-08 11:05:45.574 | DEBUG    | src.predict:predict:192 - Predict for Model 0 Done
--------------------Suggest--------------------
2023-08-08 11:05:45.582 | DEBUG    | src.suggest:suggest:93 - Suggest for Model 0
2023-08-08 11:05:45.582 | INFO     | src.suggest:suggest:94 - Current Page: Home screen or dashboard
2023-08-08 11:05:45.583 | INFO     | src.suggest:suggest:96 - Current Path:  -> Page:Home screen or dashboard
2023-08-08 11:05:45.583 | INFO     | src.suggest:suggest:97 - Task: open the stopwatch
2023-08-08 11:05:45.583 | INFO     | src.suggest:suggest:98 - Prompt: {"role": "user", "content": "\n                    Intention :'open the stopwatch'.\n                    Current path:  -> Page:Home screen or dashboard\n                    Components:\n                    '''HTML\n                    [\"<div id=1 class='' description='ClockCan be expanded into a service widget'> Clock\\n/* Below are predicted after-click components */\\n    <div description='Expanded Clock Widget'> </div> </div>\\n\", \"<div id=2 class='' description='YouTube'> YouTube\\n/* Below are predicted after-click components */\\n     </div>\\n\", \"<div id=3 class='' description='BrowserCan be expanded into a service widget'> Browser\\n/* Below are predicted after-click components */\\n    <div description='Expanded Browser Widget'> </div> </div>\\n\", \"<div id=4 class='' description='Settings'> Settings\\n/* Below are predicted after-click components */\\n     </div>\\n\", \"<div id=5 class='' description='WeatherCan be expanded into a service widget'> Weather\\n/* Below are predicted after-click components */\\n    <div description='Expanded Weather Widget'> </div> </div>\\n\", \"<div id=6 class='' description='Instagram'> Instagram\\n/* Below are predicted after-click components */\\n     </div>\\n\", \"<div id=7 class='' description='X'> X\\n/* Below are predicted after-click components */\\n     </div>\\n\", \"<div id=8 class='' description='Play Store'> Play Store\\n/* Below are predicted after-click components */\\n     </div>\\n\", \"<div id=9 class='' description='Maps'> Maps\\n/* Below are predicted after-click components */\\n     </div>\\n\", \"<div id=10 class='' description='Calendar'> Calendar\\n/* Below are predicted after-click components */\\n     </div>\\n\", \"<div id=11 class='' description='Drive'> Drive\\n/* Below are predicted after-click components */\\n     </div>\\n\", \"<div id=12 class='' description='Gmail'> Gmail\\n/* Below are predicted after-click components */\\n     </div>\\n\", \"<div id=13 class='' description='Google'> Google\\n/* Below are predicted after-click components */\\n     </div>\\n\"]\n                    '''\n                    Examples from Library:\n                    [\"Post a moment on WeChat:['Discover', 'Moments', 'Tap on the camera icon at the top right corner', 'Choose a photo or a video from your album or take a new one', 'Add a caption and choose who can see your moment', 'Send']\", \"Create a poll on Weibo:['Home', '+', 'Vote', 'Write your question and options', 'Set the duration and visibility of the poll', 'Send']\", \"Make a video call to my friend Lisa on WeChat:['Open the chat with Lisa', 'Tap on the video camera icon at the top right corner', 'Wait for Lisa to answer']\", \"Join a live stream on Weibo:['Discover', 'Live Stream', 'Select a live stream you want to join', 'Tap on the play button']\"]\n                "}
2023-08-08 11:05:53.568 | WARNING  | src.suggest:suggest:115 - Response: [1, 3, 5, 4, 10]
2023-08-08 11:05:53.569 | DEBUG    | src.suggest:suggest:116 - Suggest for Model 0 Done
--------------------Plan--------------------
2023-08-08 11:05:53.576 | DEBUG    | src.suggest:plan:191 - Plan for Model 0
2023-08-08 11:05:53.577 | INFO     | src.suggest:plan:192 - Prompt: {"role": "user", "content": "\n                Task: open the stopwatch,\nCurrent Page : Home screen or dashboard:\nCandidates:[\"<div id=1 class='' description='ClockCan be expanded into a service widget'> Clock </div>\\n\", \"<div id=3 class='' description='BrowserCan be expanded into a service widget'> Browser </div>\\n\", \"<div id=5 class='' description='WeatherCan be expanded into a service widget'> Weather </div>\\n\", \"<div id=4 class='' description='Settings'> Settings </div>\\n\", \"<div id=10 class='' description='Calendar'> Calendar </div>\\n\"]"}
2023-08-08 11:06:01.743 | WARNING  | src.suggest:plan:211 - Candidate Action: ['click', 'click', 'click', 'click', 'click']
2023-08-08 11:06:01.744 | WARNING  | src.suggest:plan:213 - Candidate Text: [None, None, None, None, None]
2023-08-08 11:06:01.744 | DEBUG    | src.suggest:plan:214 - Plan for Model 0 Done
--------------------Evaluate--------------------
2023-08-08 11:06:01.752 | DEBUG    | src.evaluate:evaluate:67 - Evaluate for Model 0
2023-08-08 11:06:01.752 | INFO     | src.evaluate:evaluate:68 - Current Page: Home screen or dashboard
2023-08-08 11:06:01.752 | INFO     | src.evaluate:evaluate:70 - Current Path:  -> Page:Home screen or dashboard
2023-08-08 11:06:01.753 | INFO     | src.evaluate:evaluate:71 - Task: open the stopwatch
2023-08-08 11:06:15.744 | INFO     | src.evaluate:evaluate:93 - Judge Scores: [9. 2. 3. 5. 2.]
2023-08-08 11:06:15.745 | INFO     | src.evaluate:evaluate:94 - Weights: [1.0]
2023-08-08 11:06:15.745 | WARNING  | src.evaluate:evaluate:95 - Score: [9. 2. 3. 5. 2.]
2023-08-08 11:06:15.746 | DEBUG    | src.evaluate:evaluate:96 - Evaluate for Model 0 Done
--------------------Decide--------------------
2023-08-08 11:06:21.000 | DEBUG    | src.decide:decide:98 - Decide for Model 0
2023-08-08 11:06:21.000 | INFO     | src.decide:decide:99 - Current Page: Home screen or dashboard
2023-08-08 11:06:21.000 | INFO     | src.decide:decide:100 - Current Path: ->Page:Home screen or dashboard->Action: Click on <div id=1 class='' description='ClockCan be expanded into a service widget'> Clock </div>

2023-08-08 11:06:21.001 | INFO     | src.decide:decide:101 - Task: open the stopwatch
2023-08-08 11:06:21.001 | INFO     | src.decide:decide:102 - Prompt: {"role": "user", "content": "\nTask:open the stopwatch\nAction trace:->Page:Home screen or dashboard->Action: Click on <div id=1 class='' description='ClockCan be expanded into a service widget'> Clock </div>\n\nLast Page:[\"<div id=1 class='' > Timer </div>\\n\", \"<div id=2 class='' > Stopwatch </div>\\n\", \"<div id=3 class='' > World clock </div>\\n\", \"<div id=4 class='' > Alarm </div>\\n\", \"<div id=5 class='com.huawei.deskclock:id/float_add' description='Add an alarm'>  </div>\\n\", \"<button id=6 class='com.huawei.deskclock:id/swipe' > 7:30\\n    <button id=7 class='com.huawei.deskclock:id/card_view' > 7:30 </button>\\n\\n    <switch id=8 class='com.huawei.deskclock:id/clock_onoff' clickable> Off </switch>\\n </button>\\n\", \"<button id=9 class='com.huawei.deskclock:id/swipe' > 7:15\\n    <p>  AM </p>\\n    <p> Alarm, Only ring once </p>\\n    <button id=10 class='com.huawei.deskclock:id/card_view' > 7:15\\n    <p>  AM </p>\\n    <p> Alarm, Only ring once </p> </button>\\n\\n    <switch id=11 class='com.huawei.deskclock:id/clock_onoff' clickable> Off </switch>\\n </button>\\n\", \"<button id=12 class='com.huawei.deskclock:id/swipe' > 7:00\\n    <p>  AM </p>\\n    <p> Good morning, Monday to Friday </p>\\n    <button id=13 class='com.huawei.deskclock:id/card_view' > 7:00\\n    <p>  AM </p>\\n    <p> Good morning, Monday to Friday </p> </button>\\n\\n    <switch id=14 class='com.huawei.deskclock:id/clock_onoff' clickable> Off </switch>\\n </button>\\n\", \"<button id=15 class='com.huawei.deskclock:id/swipe' > 1:55\\n    <p>  AM </p>\\n    <p> Alarm, Only ring once </p>\\n    <button id=16 class='com.huawei.deskclock:id/card_view' > 1:55\\n    <p>  AM </p>\\n    <p> Alarm, Only ring once </p> </button>\\n\\n    <switch id=17 class='com.huawei.deskclock:id/clock_onoff' clickable> Off </switch>\\n </button>\\n\", \"<div id=18 class='androidhwext:id/action_menu_more_button' description='More options'>  </div>\\n\"]\nCompleted Examples from Library:\n[\"Post a moment on WeChat:['Discover', 'Moments', 'Tap on the camera icon at the top right corner', 'Choose a photo or a video from your album or take a new one', 'Add a caption and choose who can see your moment', 'Send']\", \"Create a poll on Weibo:['Home', '+', 'Vote', 'Write your question and options', 'Set the duration and visibility of the poll', 'Send']\", \"Make a video call to my friend Lisa on WeChat:['Open the chat with Lisa', 'Tap on the video camera icon at the top right corner', 'Wait for Lisa to answer']\", \"Join a live stream on Weibo:['Discover', 'Live Stream', 'Select a live stream you want to join', 'Tap on the play button']\"]\n            "}
2023-08-08 11:06:36.028 | WARNING  | src.decide:decide:113 - Response: {"status": "go on", "reason": "The user has successfully navigated to the Clock application where the stopwatch functionality is located. However, the task is not yet completed because the user has not yet clicked on the Stopwatch option."}
2023-08-08 11:06:36.029 | DEBUG    | src.decide:decide:114 - Decide for Model 0 Done
