--------------------Predict--------------------
2023-08-08 10:21:13.322 | DEBUG    | src.predict:predict:74 - Predict for Model 1
2023-08-08 10:21:13.323 | INFO     | src.predict:predict:76 - Current Path: ->Page:Settings page of an Android device->Action: Click on <div id=7 class='' > Notifications & status bar </div>

2023-08-08 10:21:13.323 | INFO     | src.predict:predict:77 - Task: turn notification dots on
2023-08-08 10:21:37.543 | INFO     | src.predict:predict:186 - Response: {'Page': 'Notification management or settings page of a system manager application', 'id=1': ["<div description='百度文库'> </div>"], 'id=2': ["<div description='NetEase Music'> </div>"], 'id=3': ["<div description='Google'> </div>"], 'id=4': ["<div description='Most recent'> </div>"], 'id=5': ["<button description='Manage all'> </button>"], 'id=6': ["<switch description='On'> </switch>"], 'id=7': ["<button description='App icon badges'> </button>"], 'id=8': ["<button description='Status bar'> </button>"], 'id=9': ["<div description='Search'> </div>"], 'id=10': ["<div description='Help'> </div>"], 'id=11': ["<div description='Navigate up'> </div>"]}
2023-08-08 10:21:37.545 | WARNING  | src.predict:predict:191 - Components: {"<div id=1 class='com.huawei.systemmanager:id/swipelist_surfaceview' > \u767e\u5ea6\u6587\u5e93
    <p> 1 hour ago </p> </div>
": ["<div description='\u767e\u5ea6\u6587\u5e93'> </div>"], "<div id=2 class='com.huawei.systemmanager:id/second_all_layout' > \u767e\u5ea6\u6587\u5e93
    <p> 1 hour ago </p> </div>
": ["<div description='NetEase Music'> </div>"], "<div id=3 class='com.huawei.systemmanager:id/swipelist_surfaceview' > NetEase Music
    <p> 14 minutes ago </p> </div>
": ["<div description='Google'> </div>"], "<div id=4 class='com.huawei.systemmanager:id/second_all_layout' > NetEase Music
    <p> 14 minutes ago </p> </div>
": ["<div description='Most recent'> </div>"], "<div id=5 class='com.huawei.systemmanager:id/swipelist_surfaceview' > Google
    <p> 2 minutes ago </p> </div>
": ["<button description='Manage all'> </button>"], "<div id=6 class='com.huawei.systemmanager:id/second_all_layout' > Google
    <p> 2 minutes ago </p> </div>
": ["<switch description='On'> </switch>"], "<div id=7 class='com.huawei.systemmanager:id/sort_way' > Most recent </div>
": ["<button description='App icon badges'> </button>"], "<button id=8 class='com.huawei.systemmanager:id/rl_notification_main_batch_manager' > Manage all </button>
": ["<button description='Status bar'> </button>"], "<switch id=9 class='com.huawei.systemmanager:id/wakeup_when_receive_notification_switch' clickable> On </switch>
": ["<div description='Search'> </div>"], "<button id=10 class='com.huawei.systemmanager:id/rl_notification_main_badge' > App icon badges </button>
": ["<div description='Help'> </div>"], "<button id=11 class='com.huawei.systemmanager:id/rl_notification_main_status_bar' > Status bar </button>
": ["<div description='Navigate up'> </div>"], "<div id=12 class='android:id/search_src_text' description='Search query'> Search </div>
": [], "<div id=13 class='com.huawei.systemmanager:id/helper_menu' description='Help'>  </div>
": [], "<div id=14 class='' description='Navigate up'>  </div>
": []}
2023-08-08 10:21:37.546 | DEBUG    | src.predict:predict:192 - Predict for Model 1 Done
--------------------Suggest--------------------
2023-08-08 10:21:37.555 | DEBUG    | src.suggest:suggest:93 - Suggest for Model 1
2023-08-08 10:21:37.556 | INFO     | src.suggest:suggest:94 - Current Page: Notification management or settings page of a system manager application
2023-08-08 10:21:37.556 | INFO     | src.suggest:suggest:96 - Current Path:  -> Page:Settings page of an Android device -> Action: Click on <div id=7 class='' > Notifications & status bar </div>
 -> Page:Notification management or settings page of a system manager application
2023-08-08 10:21:37.556 | INFO     | src.suggest:suggest:97 - Task: turn notification dots on
2023-08-08 10:21:37.557 | INFO     | src.suggest:suggest:98 - Prompt: {"role": "user", "content": "
                    Intention :'turn notification dots on'.
                    Current path:  -> Page:Settings page of an Android device -> Action: Click on <div id=7 class='' > Notifications & status bar </div>
 -> Page:Notification management or settings page of a system manager application
                    Components:
                    '''HTML
                    [\"<div id=1 class='com.huawei.systemmanager:id/swipelist_surfaceview' > \u767e\u5ea6\u6587\u5e93\
    <p> 1 hour ago </p>\
/* Below are predicted after-click components */\
    <div description='\u767e\u5ea6\u6587\u5e93'> </div>\
    <div id=2 class='com.huawei.systemmanager:id/second_all_layout' > \u767e\u5ea6\u6587\u5e93\
    <p> 1 hour ago </p>\
/* Below are predicted after-click components */\
    <div description='NetEase Music'> </div> </div>\
 </div>\
\", \"<div id=2 class='com.huawei.systemmanager:id/second_all_layout' > \u767e\u5ea6\u6587\u5e93\
    <p> 1 hour ago </p>\
/* Below are predicted after-click components */\
    <div description='NetEase Music'> </div> </div>\
\", \"<div id=3 class='com.huawei.systemmanager:id/swipelist_surfaceview' > NetEase Music\
    <p> 14 minutes ago </p>\
/* Below are predicted after-click components */\
    <div description='Google'> </div>\
    <div id=4 class='com.huawei.systemmanager:id/second_all_layout' > NetEase Music\
    <p> 14 minutes ago </p>\
/* Below are predicted after-click components */\
    <div description='Most recent'> </div> </div>\
 </div>\
\", \"<div id=4 class='com.huawei.systemmanager:id/second_all_layout' > NetEase Music\
    <p> 14 minutes ago </p>\
/* Below are predicted after-click components */\
    <div description='Most recent'> </div> </div>\
\", \"<div id=5 class='com.huawei.systemmanager:id/swipelist_surfaceview' > Google\
    <p> 2 minutes ago </p>\
/* Below are predicted after-click components */\
    <button description='Manage all'> </button>\
    <div id=6 class='com.huawei.systemmanager:id/second_all_layout' > Google\
    <p> 2 minutes ago </p>\
/* Below are predicted after-click components */\
    <switch description='On'> </switch> </div>\
 </div>\
\", \"<div id=6 class='com.huawei.systemmanager:id/second_all_layout' > Google\
    <p> 2 minutes ago </p>\
/* Below are predicted after-click components */\
    <switch description='On'> </switch> </div>\
\", \"<div id=7 class='com.huawei.systemmanager:id/sort_way' > Most recent\
/* Below are predicted after-click components */\
    <button description='App icon badges'> </button> </div>\
\", \"<button id=8 class='com.huawei.systemmanager:id/rl_notification_main_batch_manager' > Manage all\
/* Below are predicted after-click components */\
    <button description='Status bar'> </button> </button>\
\", \"<switch id=9 class='com.huawei.systemmanager:id/wakeup_when_receive_notification_switch' clickable> On\
/* Below are predicted after-click components */\
    <div description='Search'> </div> </switch>\
\", \"<button id=10 class='com.huawei.systemmanager:id/rl_notification_main_badge' > App icon badges\
/* Below are predicted after-click components */\
    <div description='Help'> </div> </button>\
\", \"<button id=11 class='com.huawei.systemmanager:id/rl_notification_main_status_bar' > Status bar\
/* Below are predicted after-click components */\
    <div description='Navigate up'> </div> </button>\
\", \"<div id=12 class='android:id/search_src_text' description='Search query'> Search\
/* Below are predicted after-click components */\
     </div>\
\", \"<div id=13 class='com.huawei.systemmanager:id/helper_menu' description='Help'> \
/* Below are predicted after-click components */\
     </div>\
\", \"<div id=14 class='' description='Navigate up'> \
/* Below are predicted after-click components */\
     </div>\
\"]
                    '''
                    Examples from Library:
                    [\"Turn off notifications from TikTok:['Me', 'Settings and privacy', 'Notifications', 'Toggle off Allow notifications']\", \"Turn on dark mode on TikTok:['Me', 'Settings and privacy', 'Content and activity', 'Dark mode', 'Choose Dark']\", \"Turn on push notifications for comments and likes on Weibo:['Me', 'Settings', 'Notifications', 'Toggle on Comments and Likes']\", \"View my notifications or messages on Zhihu:['Tap the profile icon on the bottom right', 'Tap the bell icon or the message icon on the top left', 'Select a notification or message from the list']\"]
                "}
2023-08-08 10:21:45.565 | WARNING  | src.suggest:suggest:115 - Response: [9, 8, 10, 11, 7]
2023-08-08 10:21:45.566 | DEBUG    | src.suggest:suggest:116 - Suggest for Model 1 Done
--------------------Plan--------------------
2023-08-08 10:21:45.576 | DEBUG    | src.suggest:plan:191 - Plan for Model 1
2023-08-08 10:21:45.577 | INFO     | src.suggest:plan:192 - Prompt: {"role": "user", "content": "
                Task: turn notification dots on,
Current Page : Notification management or settings page of a system manager application:
Candidates:[\"<switch id=9 class='com.huawei.systemmanager:id/wakeup_when_receive_notification_switch' clickable> On </switch>\
\", \"<button id=8 class='com.huawei.systemmanager:id/rl_notification_main_batch_manager' > Manage all </button>\
\", \"<button id=10 class='com.huawei.systemmanager:id/rl_notification_main_badge' > App icon badges </button>\
\", \"<button id=11 class='com.huawei.systemmanager:id/rl_notification_main_status_bar' > Status bar </button>\
\", \"<div id=7 class='com.huawei.systemmanager:id/sort_way' > Most recent </div>\
\"]"}
2023-08-08 10:21:51.742 | WARNING  | src.suggest:plan:211 - Candidate Action: ['click', 'click', 'click', 'click', 'click']
2023-08-08 10:21:51.743 | WARNING  | src.suggest:plan:213 - Candidate Text: [None, None, None, None, None]
2023-08-08 10:21:51.743 | DEBUG    | src.suggest:plan:214 - Plan for Model 1 Done
--------------------Evaluate--------------------
2023-08-08 10:21:51.748 | DEBUG    | src.evaluate:evaluate:67 - Evaluate for Model 1
2023-08-08 10:21:51.748 | INFO     | src.evaluate:evaluate:68 - Current Page: Notification management or settings page of a system manager application
2023-08-08 10:21:51.748 | INFO     | src.evaluate:evaluate:70 - Current Path:  -> Page:Settings page of an Android device -> Action: Click on <div id=7 class='' > Notifications & status bar </div>
 -> Page:Notification management or settings page of a system manager application
2023-08-08 10:21:51.749 | INFO     | src.evaluate:evaluate:71 - Task: turn notification dots on
2023-08-08 10:22:02.293 | INFO     | src.evaluate:evaluate:93 - Judge Scores: [9. 6. 7. 8. 3.]
2023-08-08 10:22:02.294 | INFO     | src.evaluate:evaluate:94 - Weights: [1.0]
2023-08-08 10:22:02.295 | WARNING  | src.evaluate:evaluate:95 - Score: [9. 6. 7. 8. 3.]
2023-08-08 10:22:02.295 | DEBUG    | src.evaluate:evaluate:96 - Evaluate for Model 1 Done
--------------------Decide--------------------
2023-08-08 10:22:08.329 | DEBUG    | src.decide:decide:98 - Decide for Model 1
2023-08-08 10:22:08.330 | INFO     | src.decide:decide:99 - Current Page: Notification management or settings page of a system manager application
2023-08-08 10:22:08.330 | INFO     | src.decide:decide:100 - Current Path: ->Page:Settings page of an Android device->Action: Click on <div id=7 class='' > Notifications & status bar </div>
->Page:Notification management or settings page of a system manager application->Action: Click on <switch id=9 class='com.huawei.systemmanager:id/wakeup_when_receive_notification_switch' clickable> On </switch>

2023-08-08 10:22:08.330 | INFO     | src.decide:decide:101 - Task: turn notification dots on
2023-08-08 10:22:08.330 | INFO     | src.decide:decide:102 - Prompt: {"role": "user", "content": "
Task:turn notification dots on
Action trace:->Page:Settings page of an Android device->Action: Click on <div id=7 class='' > Notifications & status bar </div>
->Page:Notification management or settings page of a system manager application->Action: Click on <switch id=9 class='com.huawei.systemmanager:id/wakeup_when_receive_notification_switch' clickable> On </switch>

Last Page:[\"<div id=1 class='com.huawei.systemmanager:id/swipelist_surfaceview' > \u767e\u5ea6\u6587\u5e93\
    <p> 1 hour ago </p>\
    <div id=2 class='com.huawei.systemmanager:id/second_all_layout' > \u767e\u5ea6\u6587\u5e93\
    <p> 1 hour ago </p> </div>\
 </div>\
\", \"<div id=3 class='com.huawei.systemmanager:id/swipelist_surfaceview' > NetEase Music\
    <p> 14 minutes ago </p>\
    <div id=4 class='com.huawei.systemmanager:id/second_all_layout' > NetEase Music\
    <p> 14 minutes ago </p> </div>\
 </div>\
\", \"<div id=5 class='com.huawei.systemmanager:id/swipelist_surfaceview' > Google\
    <p> 2 minutes ago </p>\
    <div id=6 class='com.huawei.systemmanager:id/second_all_layout' > Google\
    <p> 2 minutes ago </p> </div>\
 </div>\
\", \"<div id=7 class='com.huawei.systemmanager:id/sort_way' > Most recent </div>\
\", \"<button id=8 class='com.huawei.systemmanager:id/rl_notification_main_batch_manager' > Manage all </button>\
\", \"<switch id=9 class='com.huawei.systemmanager:id/wakeup_when_receive_notification_switch' clickable> Off </switch>\
\", \"<button id=10 class='com.huawei.systemmanager:id/rl_notification_main_badge' > App icon badges </button>\
\", \"<button id=11 class='com.huawei.systemmanager:id/rl_notification_main_status_bar' > Status bar </button>\
\", \"<div id=12 class='android:id/search_src_text' description='Search query'> Search </div>\
\", \"<div id=13 class='com.huawei.systemmanager:id/helper_menu' description='Help'>  </div>\
\", \"<div id=14 class='' description='Navigate up'>  </div>\
\"]
Completed Examples from Library:
[\"Turn off notifications from TikTok:['Me', 'Settings and privacy', 'Notifications', 'Toggle off Allow notifications']\", \"Turn on dark mode on TikTok:['Me', 'Settings and privacy', 'Content and activity', 'Dark mode', 'Choose Dark']\", \"Turn on push notifications for comments and likes on Weibo:['Me', 'Settings', 'Notifications', 'Toggle on Comments and Likes']\", \"View my notifications or messages on Zhihu:['Tap the profile icon on the bottom right', 'Tap the bell icon or the message icon on the top left', 'Select a notification or message from the list']\"]
            "}
2023-08-08 10:22:49.852 | WARNING  | src.decide:decide:113 - Response: {"status": "go on", "reason": "The user is in the 'Notifications & status bar' settings page and has interacted with a switch that controls a certain notification feature, but it's not clear if this switch controls the notification dots specifically. The user has not yet interacted with the 'App icon badges' button which may control the notification dots."}
2023-08-08 10:22:49.854 | DEBUG    | src.decide:decide:114 - Decide for Model 1 Done
