--------------------Predict--------------------
2023-08-01 14:14:02.006 | DEBUG    | src.predict:predict:104 - Predict for Model 0
2023-08-01 14:14:02.006 | INFO     | src.predict:predict:106 - Current Path: 
2023-08-01 14:14:02.006 | INFO     | src.predict:predict:107 - Task: send a message "Hello" to Bowen
2023-08-01 14:14:22.306 | INFO     | src.predict:predict:123 - Response: {'Page': 'Main interface of the WhatsApp application', 'id=1': [], 'id=2': ["<button description='Bowen'> </button>"], 'id=3': ["<p description='My Status'> </p>", "<button description='Add Status'> </button>"], 'id=4': ["<button description='Members'> </button>", "<button description='Add new Member'> </button>", "<p description='Connect'> </p>"], 'id=5': ["<button description='Settings'> </button>", "<button description='WhatsApp Web'> </button>"], 'id=6': [], 'id=7': [], 'id=8': [], 'id=9': [], 'id=10': []}
2023-08-01 14:14:22.307 | WARNING  | src.predict:predict:127 - Components: {"<p id=1 class='com.whatsapp:id/fab' description='New chat'>  </p>\n": [], "<button id=2 class='com.whatsapp:id/home_tab_layout' description='Calls'> Calls </button>\n": ["<button description='Bowen'> </button>"], "<button id=3 class='com.whatsapp:id/home_tab_layout' description='Status'> Status </button>\n": ["<p description='My Status'> </p>", "<button description='Add Status'> </button>"], "<button id=4 class='com.whatsapp:id/home_tab_layout' description='Community'>  </button>\n": ["<button description='Members'> </button>", "<button description='Add new Member'> </button>", "<p description='Connect'> </p>"], "<button id=5 class='com.whatsapp:id/menuitem_overflow' description='More options'>  </button>\n": ["<button description='Settings'> </button>", "<button description='WhatsApp Web'> </button>"], "<p id=6 class='com.whatsapp:id/menuitem_search' description='Search'>  </p>\n": [], "<p id=7 class='com.whatsapp:id/menuitem_camera' description='Camera'>  </p>\n": [], "<p id=8 class='' description='end-to-end encrypted'>  </p>\n": [], "<button id=9 class='com.whatsapp:id/contact_photo' description='Yellow'>  </button>\n": [], "<button id=10 class='com.whatsapp:id/contact_photo' description='Wang Bowen'>  </button>\n": []}
2023-08-01 14:14:22.307 | DEBUG    | src.predict:predict:128 - Predict for Model 0 Done
--------------------Suggest--------------------
2023-08-01 14:14:22.317 | DEBUG    | src.suggest:suggest:72 - Suggest for Model 0
2023-08-01 14:14:22.317 | INFO     | src.suggest:suggest:73 - Current Page: Main interface of the WhatsApp application
2023-08-01 14:14:22.317 | INFO     | src.suggest:suggest:75 - Current Path:  -> Main interface of the WhatsApp application
2023-08-01 14:14:22.317 | INFO     | src.suggest:suggest:76 - Task: send a message "Hello" to Bowen
2023-08-01 14:14:22.318 | INFO     | src.suggest:suggest:77 - Prompt: {"role": "user", "content": "\n                    User's intention is to 'send a message \"Hello\" to Bowen'. Here are the details of the current pages and components:\n                    Current path:  -> Main interface of the WhatsApp application\n                    Current page Components:\n                    '''HTML\n                    <p id=1 class='com.whatsapp:id/fab' description='New chat'>/* Below are after-click components */\n</p>\n\n<button id=2 class='com.whatsapp:id/home_tab_layout' description='Calls'>/* Below are after-click components */\nCalls<button description='Bowen'> </button></button>\n\n<button id=3 class='com.whatsapp:id/home_tab_layout' description='Status'>/* Below are after-click components */\nStatus<p description='My Status'> </p>\n<button description='Add Status'> </button></button>\n\n<button id=4 class='com.whatsapp:id/home_tab_layout' description='Community'>/* Below are after-click components */\n<button description='Members'> </button>\n<button description='Add new Member'> </button>\n<p description='Connect'> </p></button>\n\n<button id=5 class='com.whatsapp:id/menuitem_overflow' description='More options'>/* Below are after-click components */\n<button description='Settings'> </button>\n<button description='WhatsApp Web'> </button></button>\n\n<p id=6 class='com.whatsapp:id/menuitem_search' description='Search'>/* Below are after-click components */\n</p>\n\n<p id=7 class='com.whatsapp:id/menuitem_camera' description='Camera'>/* Below are after-click components */\n</p>\n\n<p id=8 class='' description='end-to-end encrypted'>/* Below are after-click components */\n</p>\n\n<button id=9 class='com.whatsapp:id/contact_photo' description='Yellow'>/* Below are after-click components */\n</button>\n\n<button id=10 class='com.whatsapp:id/contact_photo' description='Wang Bowen'>/* Below are after-click components */\n</button>\n\n                    '''\n                "}
2023-08-01 14:14:34.276 | WARNING  | src.suggest:suggest:93 - Response: [1, 10, 2, 3, 4]
2023-08-01 14:14:34.277 | DEBUG    | src.suggest:suggest:94 - Suggest for Model 0 Done
--------------------Plan--------------------
2023-08-01 14:14:34.296 | DEBUG    | src.suggest:plan:169 - Plan for Model 0
2023-08-01 14:14:34.297 | INFO     | src.suggest:plan:170 - Prompt: {"role": "user", "content": "\n                Task: send a message \"Hello\" to Bowen,\nCurrent Page : Main interface of the WhatsApp application:\nCandidates:[\"<p id=1 class='com.whatsapp:id/fab' description='New chat'>  </p>\\n\", \"<button id=10 class='com.whatsapp:id/contact_photo' description='Wang Bowen'>  </button>\\n\", \"<button id=2 class='com.whatsapp:id/home_tab_layout' description='Calls'> Calls </button>\\n\", \"<button id=3 class='com.whatsapp:id/home_tab_layout' description='Status'> Status </button>\\n\", \"<button id=4 class='com.whatsapp:id/home_tab_layout' description='Community'>  </button>\\n\"]"}
2023-08-01 14:14:42.044 | WARNING  | src.suggest:plan:189 - Candidate Action: ['click', 'click', 'click', 'click', 'click']
2023-08-01 14:14:42.044 | WARNING  | src.suggest:plan:191 - Candidate Text: [None, None, None, None, None]
2023-08-01 14:14:42.045 | DEBUG    | src.suggest:plan:192 - Plan for Model 0 Done
--------------------Evaluate--------------------
2023-08-01 14:14:42.055 | DEBUG    | src.evaluate:evaluate:67 - Evaluate for Model 0
2023-08-01 14:14:42.055 | INFO     | src.evaluate:evaluate:68 - Current Page: Main interface of the WhatsApp application
2023-08-01 14:14:42.055 | INFO     | src.evaluate:evaluate:70 - Current Path:  -> Main interface of the WhatsApp application
2023-08-01 14:14:42.056 | INFO     | src.evaluate:evaluate:71 - Task: send a message "Hello" to Bowen
2023-08-01 14:14:59.247 | INFO     | src.evaluate:evaluate:93 - Judge Scores: [7. 2. 2. 2. 2.]
2023-08-01 14:14:59.248 | INFO     | src.evaluate:evaluate:94 - Weights: [1.0]
2023-08-01 14:14:59.248 | WARNING  | src.evaluate:evaluate:95 - Score: [7. 2. 2. 2. 2.]
2023-08-01 14:14:59.249 | DEBUG    | src.evaluate:evaluate:96 - Evaluate for Model 0 Done
--------------------Decide--------------------
2023-08-01 14:14:59.257 | DEBUG    | src.decide:decide:65 - Decide for Model 0
2023-08-01 14:14:59.257 | INFO     | src.decide:decide:66 - Current Page: Main interface of the WhatsApp application
2023-08-01 14:14:59.257 | INFO     | src.decide:decide:68 - Current Path:  -> Main interface of the WhatsApp application<p id=1 class='com.whatsapp:id/fab' description='New chat'>  </p>

2023-08-01 14:14:59.258 | INFO     | src.decide:decide:69 - Task: send a message "Hello" to Bowen
2023-08-01 14:14:59.258 | INFO     | src.decide:decide:70 - Prompt: {"role": "user", "content": "\n            Task:send a message \"Hello\" to Bowen\n            Action trace: -> Main interface of the WhatsApp application<p id=1 class='com.whatsapp:id/fab' description='New chat'>  </p>\n\n            "}
2023-08-01 14:15:10.429 | WARNING  | src.decide:decide:85 - Response: {"status": "partly completed", "reason": "The action trace only shows the user on the main interface of the WhatsApp application and an HTML element representing a new chat. However, it does not include the subsequent actions required to select Bowen as the recipient, open a chat window, and send the message 'Hello.' Thus, the task is only partly completed in the action trace."}
2023-08-01 14:15:10.430 | DEBUG    | src.decide:decide:86 - Decide for Model 0 Done
--------------------Predict--------------------
2023-08-01 16:19:28.641 | DEBUG    | src.predict:predict:104 - Predict for Model 0
2023-08-01 16:19:28.641 | INFO     | src.predict:predict:106 - Current Path: 
2023-08-01 16:19:28.641 | INFO     | src.predict:predict:107 - Task: send a message "Hello" to Bowen
--------------------Predict--------------------
2023-08-01 16:19:57.667 | DEBUG    | src.predict:predict:104 - Predict for Model 0
2023-08-01 16:19:57.667 | INFO     | src.predict:predict:106 - Current Path: 
2023-08-01 16:19:57.667 | INFO     | src.predict:predict:107 - Task: send a message "Hello" to Bowen
--------------------Predict--------------------
2023-08-01 16:22:38.419 | DEBUG    | src.predict:predict:104 - Predict for Model 0
2023-08-01 16:22:38.419 | INFO     | src.predict:predict:106 - Current Path: 
2023-08-01 16:22:38.419 | INFO     | src.predict:predict:107 - Task: send a message "Hello" to Bowen
2023-08-01 16:23:00.744 | INFO     | src.predict:predict:123 - Response: {'Page': 'Main interface of the WhatsApp application', 'id=1': ["<button description='Chat with Bowen'> </button>"], 'id=2': ["<button description='Recent Calls'> </button>"], 'id=3': ["<p description='View Status'> </p>"], 'id=4': ["<button description='Community Chat'> </button>"], 'id=5': ["<button description='Settings'> </button>"], 'id=6': ["<input description='Search Bar'> </input>"], 'id=7': ["<button description='Open Camera'> </button>"], 'id=8': ["<p description='Information'> </p>"], 'id=9': ["<button description='Contact Yellow'> </button>"], 'id=10': ["<button description='Contact Wang Bowen'> </button>"]}
2023-08-01 16:23:00.746 | WARNING  | src.predict:predict:127 - Components: {"<p id=1 class='com.whatsapp:id/fab' description='New chat'>  </p>\n": ["<button description='Chat with Bowen'> </button>"], "<button id=2 class='com.whatsapp:id/home_tab_layout' description='Calls'> Calls </button>\n": ["<button description='Recent Calls'> </button>"], "<button id=3 class='com.whatsapp:id/home_tab_layout' description='Status'> Status </button>\n": ["<p description='View Status'> </p>"], "<button id=4 class='com.whatsapp:id/home_tab_layout' description='Community'>  </button>\n": ["<button description='Community Chat'> </button>"], "<button id=5 class='com.whatsapp:id/menuitem_overflow' description='More options'>  </button>\n": ["<button description='Settings'> </button>"], "<p id=6 class='com.whatsapp:id/menuitem_search' description='Search'>  </p>\n": ["<input description='Search Bar'> </input>"], "<p id=7 class='com.whatsapp:id/menuitem_camera' description='Camera'>  </p>\n": ["<button description='Open Camera'> </button>"], "<p id=8 class='' description='end-to-end encrypted'>  </p>\n": ["<p description='Information'> </p>"], "<button id=9 class='com.whatsapp:id/contact_photo' description='Yellow'>  </button>\n": ["<button description='Contact Yellow'> </button>"], "<button id=10 class='com.whatsapp:id/contact_photo' description='Wang Bowen'>  </button>\n": ["<button description='Contact Wang Bowen'> </button>"]}
2023-08-01 16:23:00.747 | DEBUG    | src.predict:predict:128 - Predict for Model 0 Done
--------------------Suggest--------------------
2023-08-01 16:23:00.754 | DEBUG    | src.suggest:suggest:72 - Suggest for Model 0
2023-08-01 16:23:00.754 | INFO     | src.suggest:suggest:73 - Current Page: Main interface of the WhatsApp application
2023-08-01 16:23:00.754 | INFO     | src.suggest:suggest:75 - Current Path:  -> Page:Main interface of the WhatsApp application
2023-08-01 16:23:00.754 | INFO     | src.suggest:suggest:76 - Task: send a message "Hello" to Bowen
2023-08-01 16:23:00.755 | INFO     | src.suggest:suggest:77 - Prompt: {"role": "user", "content": "\n                    User's intention is to 'send a message \"Hello\" to Bowen'. Here are the details of the current pages and components:\n                    Current path:  -> Page:Main interface of the WhatsApp application\n                    Current page Components:\n                    '''HTML\n                    <p id=1 class='com.whatsapp:id/fab' description='New chat'>/* Below are after-click components */\n<button description='Chat with Bowen'> </button></p>\n\n<button id=2 class='com.whatsapp:id/home_tab_layout' description='Calls'>/* Below are after-click components */\nCalls<button description='Recent Calls'> </button></button>\n\n<button id=3 class='com.whatsapp:id/home_tab_layout' description='Status'>/* Below are after-click components */\nStatus<p description='View Status'> </p></button>\n\n<button id=4 class='com.whatsapp:id/home_tab_layout' description='Community'>/* Below are after-click components */\n<button description='Community Chat'> </button></button>\n\n<button id=5 class='com.whatsapp:id/menuitem_overflow' description='More options'>/* Below are after-click components */\n<button description='Settings'> </button></button>\n\n<p id=6 class='com.whatsapp:id/menuitem_search' description='Search'>/* Below are after-click components */\n<input description='Search Bar'> </input></p>\n\n<p id=7 class='com.whatsapp:id/menuitem_camera' description='Camera'>/* Below are after-click components */\n<button description='Open Camera'> </button></p>\n\n<p id=8 class='' description='end-to-end encrypted'>/* Below are after-click components */\n<p description='Information'> </p></p>\n\n<button id=9 class='com.whatsapp:id/contact_photo' description='Yellow'>/* Below are after-click components */\n<button description='Contact Yellow'> </button></button>\n\n<button id=10 class='com.whatsapp:id/contact_photo' description='Wang Bowen'>/* Below are after-click components */\n<button description='Contact Wang Bowen'> </button></button>\n\n                    '''\n                "}
2023-08-01 16:23:15.242 | WARNING  | src.suggest:suggest:93 - Response: [10, 1, 2, 3, 4]
2023-08-01 16:23:15.243 | DEBUG    | src.suggest:suggest:94 - Suggest for Model 0 Done
--------------------Plan--------------------
2023-08-01 16:23:15.250 | DEBUG    | src.suggest:plan:169 - Plan for Model 0
2023-08-01 16:23:15.250 | INFO     | src.suggest:plan:170 - Prompt: {"role": "user", "content": "\n                Task: send a message \"Hello\" to Bowen,\nCurrent Page : Main interface of the WhatsApp application:\nCandidates:[\"<button id=10 class='com.whatsapp:id/contact_photo' description='Wang Bowen'>  </button>\\n\", \"<p id=1 class='com.whatsapp:id/fab' description='New chat'>  </p>\\n\", \"<button id=2 class='com.whatsapp:id/home_tab_layout' description='Calls'> Calls </button>\\n\", \"<button id=3 class='com.whatsapp:id/home_tab_layout' description='Status'> Status </button>\\n\", \"<button id=4 class='com.whatsapp:id/home_tab_layout' description='Community'>  </button>\\n\"]"}
2023-08-01 16:23:23.906 | WARNING  | src.suggest:plan:189 - Candidate Action: ['click', 'click', 'click', 'click', 'click']
2023-08-01 16:23:23.907 | WARNING  | src.suggest:plan:191 - Candidate Text: [None, None, None, None, None]
2023-08-01 16:23:23.908 | DEBUG    | src.suggest:plan:192 - Plan for Model 0 Done
--------------------Evaluate--------------------
2023-08-01 16:23:23.916 | DEBUG    | src.evaluate:evaluate:67 - Evaluate for Model 0
2023-08-01 16:23:23.916 | INFO     | src.evaluate:evaluate:68 - Current Page: Main interface of the WhatsApp application
2023-08-01 16:23:23.916 | INFO     | src.evaluate:evaluate:70 - Current Path:  -> Page:Main interface of the WhatsApp application
2023-08-01 16:23:23.917 | INFO     | src.evaluate:evaluate:71 - Task: send a message "Hello" to Bowen
2023-08-01 16:23:41.990 | INFO     | src.evaluate:evaluate:93 - Judge Scores: [8. 7. 2. 2. 2.]
2023-08-01 16:23:41.990 | INFO     | src.evaluate:evaluate:94 - Weights: [1.0]
2023-08-01 16:23:41.991 | WARNING  | src.evaluate:evaluate:95 - Score: [8. 7. 2. 2. 2.]
2023-08-01 16:23:41.991 | DEBUG    | src.evaluate:evaluate:96 - Evaluate for Model 0 Done
--------------------Decide--------------------
2023-08-01 16:23:41.996 | DEBUG    | src.decide:decide:65 - Decide for Model 0
2023-08-01 16:23:41.996 | INFO     | src.decide:decide:66 - Current Page: Main interface of the WhatsApp application
2023-08-01 16:23:41.996 | INFO     | src.decide:decide:68 - Current Path: ->Page:Main interface of the WhatsApp application->Action: Click on <button id=10 class='com.whatsapp:id/contact_photo' description='Wang Bowen'>  </button>

2023-08-01 16:23:41.997 | INFO     | src.decide:decide:69 - Task: send a message "Hello" to Bowen
2023-08-01 16:23:41.997 | INFO     | src.decide:decide:70 - Prompt: {"role": "user", "content": "\n            Task:send a message \"Hello\" to Bowen\n            Action trace:->Page:Main interface of the WhatsApp application->Action: Click on <button id=10 class='com.whatsapp:id/contact_photo' description='Wang Bowen'>  </button>\n\n            "}
2023-08-01 16:23:52.260 | WARNING  | src.decide:decide:85 - Response: {"status": "partly completed", "reason": "The action trace only shows the user reaching the main interface of the WhatsApp application and clicking on a button with the id and description matching the contact name 'Bowen'. However, it does not include the subsequent actions required to enter the message 'Hello' and send it to Bowen. Thus, the task is only partly completed in the action trace."}
2023-08-01 16:23:52.261 | DEBUG    | src.decide:decide:86 - Decide for Model 0 Done
--------------------Predict--------------------
2023-08-01 16:26:06.245 | DEBUG    | src.predict:predict:104 - Predict for Model 0
2023-08-01 16:26:06.245 | INFO     | src.predict:predict:106 - Current Path: 
2023-08-01 16:26:06.246 | INFO     | src.predict:predict:107 - Task: send a message "Hello" to Bowen
2023-08-01 16:26:27.917 | INFO     | src.predict:predict:123 - Response: {'Page': 'Main interface of the WhatsApp application', 'id=1': ["<button description='Start New Chat'> </button>"], 'id=2': ["<button description='Recent Calls'> </button>"], 'id=3': ["<button description='View Status'> </button>"], 'id=4': ["<button description='Community'> </button>"], 'id=5': ["<button description='More Options'> </button>"], 'id=6': ["<button description='Search'> </button>"], 'id=7': ["<button description='Camera'> </button>"], 'id=8': [], 'id=9': ["<button description='Yellow'> </button>"], 'id=10': ["<button description='Wang Bowen'> </button>"]}
2023-08-01 16:26:27.920 | WARNING  | src.predict:predict:127 - Components: {"<p id=1 class='com.whatsapp:id/fab' description='New chat'>  </p>\n": ["<button description='Start New Chat'> </button>"], "<button id=2 class='com.whatsapp:id/home_tab_layout' description='Calls'> Calls </button>\n": ["<button description='Recent Calls'> </button>"], "<button id=3 class='com.whatsapp:id/home_tab_layout' description='Status'> Status </button>\n": ["<button description='View Status'> </button>"], "<button id=4 class='com.whatsapp:id/home_tab_layout' description='Community'>  </button>\n": ["<button description='Community'> </button>"], "<button id=5 class='com.whatsapp:id/menuitem_overflow' description='More options'>  </button>\n": ["<button description='More Options'> </button>"], "<p id=6 class='com.whatsapp:id/menuitem_search' description='Search'>  </p>\n": ["<button description='Search'> </button>"], "<p id=7 class='com.whatsapp:id/menuitem_camera' description='Camera'>  </p>\n": ["<button description='Camera'> </button>"], "<p id=8 class='' description='end-to-end encrypted'>  </p>\n": [], "<button id=9 class='com.whatsapp:id/contact_photo' description='Yellow'>  </button>\n": ["<button description='Yellow'> </button>"], "<button id=10 class='com.whatsapp:id/contact_photo' description='Wang Bowen'>  </button>\n": ["<button description='Wang Bowen'> </button>"]}
2023-08-01 16:26:27.920 | DEBUG    | src.predict:predict:128 - Predict for Model 0 Done
--------------------Suggest--------------------
2023-08-01 16:26:27.928 | DEBUG    | src.suggest:suggest:72 - Suggest for Model 0
2023-08-01 16:26:27.928 | INFO     | src.suggest:suggest:73 - Current Page: Main interface of the WhatsApp application
2023-08-01 16:26:27.929 | INFO     | src.suggest:suggest:75 - Current Path:  -> Page:Main interface of the WhatsApp application
2023-08-01 16:26:27.929 | INFO     | src.suggest:suggest:76 - Task: send a message "Hello" to Bowen
2023-08-01 16:26:27.929 | INFO     | src.suggest:suggest:77 - Prompt: {"role": "user", "content": "\n                    User's intention is to 'send a message \"Hello\" to Bowen'. Here are the details of the current pages and components:\n                    Current path:  -> Page:Main interface of the WhatsApp application\n                    Current page Components:\n                    '''HTML\n                    <p id=1 class='com.whatsapp:id/fab' description='New chat'>/* Below are after-click components */\n<button description='Start New Chat'> </button></p>\n\n<button id=2 class='com.whatsapp:id/home_tab_layout' description='Calls'>/* Below are after-click components */\nCalls<button description='Recent Calls'> </button></button>\n\n<button id=3 class='com.whatsapp:id/home_tab_layout' description='Status'>/* Below are after-click components */\nStatus<button description='View Status'> </button></button>\n\n<button id=4 class='com.whatsapp:id/home_tab_layout' description='Community'>/* Below are after-click components */\n<button description='Community'> </button></button>\n\n<button id=5 class='com.whatsapp:id/menuitem_overflow' description='More options'>/* Below are after-click components */\n<button description='More Options'> </button></button>\n\n<p id=6 class='com.whatsapp:id/menuitem_search' description='Search'>/* Below are after-click components */\n<button description='Search'> </button></p>\n\n<p id=7 class='com.whatsapp:id/menuitem_camera' description='Camera'>/* Below are after-click components */\n<button description='Camera'> </button></p>\n\n<p id=8 class='' description='end-to-end encrypted'>/* Below are after-click components */\n</p>\n\n<button id=9 class='com.whatsapp:id/contact_photo' description='Yellow'>/* Below are after-click components */\n<button description='Yellow'> </button></button>\n\n<button id=10 class='com.whatsapp:id/contact_photo' description='Wang Bowen'>/* Below are after-click components */\n<button description='Wang Bowen'> </button></button>\n\n                    '''\n                "}
2023-08-01 16:26:41.701 | WARNING  | src.suggest:suggest:93 - Response: [1, 10, 2, 3, 4]
2023-08-01 16:26:41.701 | DEBUG    | src.suggest:suggest:94 - Suggest for Model 0 Done
--------------------Plan--------------------
2023-08-01 16:26:41.707 | DEBUG    | src.suggest:plan:169 - Plan for Model 0
2023-08-01 16:26:41.708 | INFO     | src.suggest:plan:170 - Prompt: {"role": "user", "content": "\n                Task: send a message \"Hello\" to Bowen,\nCurrent Page : Main interface of the WhatsApp application:\nCandidates:[\"<p id=1 class='com.whatsapp:id/fab' description='New chat'>  </p>\\n\", \"<button id=10 class='com.whatsapp:id/contact_photo' description='Wang Bowen'>  </button>\\n\", \"<button id=2 class='com.whatsapp:id/home_tab_layout' description='Calls'> Calls </button>\\n\", \"<button id=3 class='com.whatsapp:id/home_tab_layout' description='Status'> Status </button>\\n\", \"<button id=4 class='com.whatsapp:id/home_tab_layout' description='Community'>  </button>\\n\"]"}
2023-08-01 16:26:48.265 | WARNING  | src.suggest:plan:189 - Candidate Action: ['click', 'click', 'click', 'click', 'click']
2023-08-01 16:26:48.266 | WARNING  | src.suggest:plan:191 - Candidate Text: [None, None, None, None, None]
2023-08-01 16:26:48.266 | DEBUG    | src.suggest:plan:192 - Plan for Model 0 Done
--------------------Evaluate--------------------
2023-08-01 16:26:48.274 | DEBUG    | src.evaluate:evaluate:67 - Evaluate for Model 0
2023-08-01 16:26:48.274 | INFO     | src.evaluate:evaluate:68 - Current Page: Main interface of the WhatsApp application
2023-08-01 16:26:48.274 | INFO     | src.evaluate:evaluate:70 - Current Path:  -> Page:Main interface of the WhatsApp application
2023-08-01 16:26:48.274 | INFO     | src.evaluate:evaluate:71 - Task: send a message "Hello" to Bowen
2023-08-01 16:27:01.705 | INFO     | src.evaluate:evaluate:93 - Judge Scores: [9. 2. 2. 2. 2.]
2023-08-01 16:27:01.706 | INFO     | src.evaluate:evaluate:94 - Weights: [1.0]
2023-08-01 16:27:01.706 | WARNING  | src.evaluate:evaluate:95 - Score: [9. 2. 2. 2. 2.]
2023-08-01 16:27:01.707 | DEBUG    | src.evaluate:evaluate:96 - Evaluate for Model 0 Done
--------------------Decide--------------------
2023-08-01 16:27:01.715 | DEBUG    | src.decide:decide:65 - Decide for Model 0
2023-08-01 16:27:01.715 | INFO     | src.decide:decide:66 - Current Page: Main interface of the WhatsApp application
2023-08-01 16:27:01.715 | INFO     | src.decide:decide:68 - Current Path: ->Page:Main interface of the WhatsApp application->Action: Click on <p id=1 class='com.whatsapp:id/fab' description='New chat'>  </p>

2023-08-01 16:27:01.716 | INFO     | src.decide:decide:69 - Task: send a message "Hello" to Bowen
2023-08-01 16:27:01.716 | INFO     | src.decide:decide:70 - Prompt: {"role": "user", "content": "\n            Task:send a message \"Hello\" to Bowen\n            Action trace:->Page:Main interface of the WhatsApp application->Action: Click on <p id=1 class='com.whatsapp:id/fab' description='New chat'>  </p>\n\n            "}
2023-08-01 16:27:13.706 | WARNING  | src.decide:decide:85 - Response: {"status": "partly completed", "reason": "The action trace only shows the user reaching the main interface of the WhatsApp application and clicking on an element associated with starting a new chat. However, it does not include the subsequent actions required to select Bowen from the contacts list, enter the message 'Hello,' and send it. Thus, the task is only partly completed in the action trace."}
2023-08-01 16:27:13.707 | DEBUG    | src.decide:decide:86 - Decide for Model 0 Done
--------------------Predict--------------------
2023-08-01 16:28:07.846 | DEBUG    | src.predict:predict:104 - Predict for Model 0
2023-08-01 16:28:07.847 | INFO     | src.predict:predict:106 - Current Path: 
2023-08-01 16:28:07.847 | INFO     | src.predict:predict:107 - Task: send a message "Hello" to Bowen
2023-08-01 16:28:33.447 | INFO     | src.predict:predict:123 - Response: {'Page': 'Main interface of the WhatsApp application', 'id=1': ["<button description='Contact 1'> </button>", "<button description='Contact 2'> </button>"], 'id=2': ["<button description='Recent Call 1'> </button>", "<button description='Recent Call 2'> </button>"], 'id=3': ["<p description='Status Update 1'> </p>", "<p description='Status Update 2'> </p>"], 'id=4': ["<button description='Community Option 1'> </button>", "<button description='Community Option 2'> </button>"], 'id=5': ["<button description='Option 1'> </button>", "<button description='Option 2'> </button>"], 'id=6': ["<input type='text' placeholder='Search'> </input>"], 'id=7': ["<button description='Take Photo'> </button>", "<button description='Record Video'> </button>"], 'id=8': [], 'id=9': ["<p description='Contact Details 1'> </p>"], 'id=10': ["<p description='Contact Details 2'> </p>"]}
2023-08-01 16:28:33.449 | WARNING  | src.predict:predict:127 - Components: {"<p id=1 class='com.whatsapp:id/fab' description='New chat'>  </p>\n": ["<button description='Contact 1'> </button>", "<button description='Contact 2'> </button>"], "<button id=2 class='com.whatsapp:id/home_tab_layout' description='Calls'> Calls </button>\n": ["<button description='Recent Call 1'> </button>", "<button description='Recent Call 2'> </button>"], "<button id=3 class='com.whatsapp:id/home_tab_layout' description='Status'> Status </button>\n": ["<p description='Status Update 1'> </p>", "<p description='Status Update 2'> </p>"], "<button id=4 class='com.whatsapp:id/home_tab_layout' description='Community'>  </button>\n": ["<button description='Community Option 1'> </button>", "<button description='Community Option 2'> </button>"], "<button id=5 class='com.whatsapp:id/menuitem_overflow' description='More options'>  </button>\n": ["<button description='Option 1'> </button>", "<button description='Option 2'> </button>"], "<p id=6 class='com.whatsapp:id/menuitem_search' description='Search'>  </p>\n": ["<input type='text' placeholder='Search'> </input>"], "<p id=7 class='com.whatsapp:id/menuitem_camera' description='Camera'>  </p>\n": ["<button description='Take Photo'> </button>", "<button description='Record Video'> </button>"], "<p id=8 class='' description='end-to-end encrypted'>  </p>\n": [], "<button id=9 class='com.whatsapp:id/contact_photo' description='Yellow'>  </button>\n": ["<p description='Contact Details 1'> </p>"], "<button id=10 class='com.whatsapp:id/contact_photo' description='Wang Bowen'>  </button>\n": ["<p description='Contact Details 2'> </p>"]}
2023-08-01 16:28:33.449 | DEBUG    | src.predict:predict:128 - Predict for Model 0 Done
--------------------Suggest--------------------
2023-08-01 16:28:33.457 | DEBUG    | src.suggest:suggest:72 - Suggest for Model 0
2023-08-01 16:28:33.457 | INFO     | src.suggest:suggest:73 - Current Page: Main interface of the WhatsApp application
2023-08-01 16:28:33.457 | INFO     | src.suggest:suggest:75 - Current Path:  -> Page:Main interface of the WhatsApp application
2023-08-01 16:28:33.458 | INFO     | src.suggest:suggest:76 - Task: send a message "Hello" to Bowen
2023-08-01 16:28:33.458 | INFO     | src.suggest:suggest:77 - Prompt: {"role": "user", "content": "\n                    User's intention is to 'send a message \"Hello\" to Bowen'. Here are the details of the current pages and components:\n                    Current path:  -> Page:Main interface of the WhatsApp application\n                    Current page Components:\n                    '''HTML\n                    <p id=1 class='com.whatsapp:id/fab' description='New chat'>/* Below are after-click components */\n<button description='Contact 1'> </button>\n<button description='Contact 2'> </button></p>\n\n<button id=2 class='com.whatsapp:id/home_tab_layout' description='Calls'>/* Below are after-click components */\nCalls<button description='Recent Call 1'> </button>\n<button description='Recent Call 2'> </button></button>\n\n<button id=3 class='com.whatsapp:id/home_tab_layout' description='Status'>/* Below are after-click components */\nStatus<p description='Status Update 1'> </p>\n<p description='Status Update 2'> </p></button>\n\n<button id=4 class='com.whatsapp:id/home_tab_layout' description='Community'>/* Below are after-click components */\n<button description='Community Option 1'> </button>\n<button description='Community Option 2'> </button></button>\n\n<button id=5 class='com.whatsapp:id/menuitem_overflow' description='More options'>/* Below are after-click components */\n<button description='Option 1'> </button>\n<button description='Option 2'> </button></button>\n\n<p id=6 class='com.whatsapp:id/menuitem_search' description='Search'>/* Below are after-click components */\n<input type='text' placeholder='Search'> </input></p>\n\n<p id=7 class='com.whatsapp:id/menuitem_camera' description='Camera'>/* Below are after-click components */\n<button description='Take Photo'> </button>\n<button description='Record Video'> </button></p>\n\n<p id=8 class='' description='end-to-end encrypted'>/* Below are after-click components */\n</p>\n\n<button id=9 class='com.whatsapp:id/contact_photo' description='Yellow'>/* Below are after-click components */\n<p description='Contact Details 1'> </p></button>\n\n<button id=10 class='com.whatsapp:id/contact_photo' description='Wang Bowen'>/* Below are after-click components */\n<p description='Contact Details 2'> </p></button>\n\n                    '''\n                "}
--------------------Predict--------------------
2023-08-01 16:33:58.252 | DEBUG    | src.predict:predict:104 - Predict for Model 0
2023-08-01 16:33:58.252 | INFO     | src.predict:predict:106 - Current Path: 
2023-08-01 16:33:58.253 | INFO     | src.predict:predict:107 - Task: send a message "Hello" to Bowen
2023-08-01 16:34:20.110 | INFO     | src.predict:predict:123 - Response: {'Page': 'Main interface of the WhatsApp application', 'id=1': [], 'id=2': ["<button description='Bowen'> </button>", "<button description='Yellow'> </button>"], 'id=3': ["<p description='My Status'> </p>", "<button description='Add Status'> </button>"], 'id=4': ["<button description='Members'> </button>", "<button description='Add new Member'> </button>", "<p description='Connect'> </p>"], 'id=5': ["<button description='Settings'> </button>", "<button description='WhatsApp Web'> </button>"], 'id=6': [], 'id=7': [], 'id=8': [], 'id=9': [], 'id=10': []}
2023-08-01 16:34:20.112 | WARNING  | src.predict:predict:127 - Components: {"<p id=1 class='com.whatsapp:id/fab' description='New chat'>  </p>\n": [], "<button id=2 class='com.whatsapp:id/home_tab_layout' description='Calls'> Calls </button>\n": ["<button description='Bowen'> </button>", "<button description='Yellow'> </button>"], "<button id=3 class='com.whatsapp:id/home_tab_layout' description='Status'> Status </button>\n": ["<p description='My Status'> </p>", "<button description='Add Status'> </button>"], "<button id=4 class='com.whatsapp:id/home_tab_layout' description='Community'>  </button>\n": ["<button description='Members'> </button>", "<button description='Add new Member'> </button>", "<p description='Connect'> </p>"], "<button id=5 class='com.whatsapp:id/menuitem_overflow' description='More options'>  </button>\n": ["<button description='Settings'> </button>", "<button description='WhatsApp Web'> </button>"], "<p id=6 class='com.whatsapp:id/menuitem_search' description='Search'>  </p>\n": [], "<p id=7 class='com.whatsapp:id/menuitem_camera' description='Camera'>  </p>\n": [], "<p id=8 class='' description='end-to-end encrypted'>  </p>\n": [], "<button id=9 class='com.whatsapp:id/contact_photo' description='Yellow'>  </button>\n": [], "<button id=10 class='com.whatsapp:id/contact_photo' description='Wang Bowen'>  </button>\n": []}
2023-08-01 16:34:20.112 | DEBUG    | src.predict:predict:128 - Predict for Model 0 Done
--------------------Suggest--------------------
2023-08-01 16:34:20.118 | DEBUG    | src.suggest:suggest:72 - Suggest for Model 0
2023-08-01 16:34:20.118 | INFO     | src.suggest:suggest:73 - Current Page: Main interface of the WhatsApp application
2023-08-01 16:34:20.119 | INFO     | src.suggest:suggest:75 - Current Path:  -> Page:Main interface of the WhatsApp application
2023-08-01 16:34:20.119 | INFO     | src.suggest:suggest:76 - Task: send a message "Hello" to Bowen
2023-08-01 16:34:20.119 | INFO     | src.suggest:suggest:77 - Prompt: {"role": "user", "content": "\n                    User's intention is to 'send a message \"Hello\" to Bowen'. Here are the details of the current pages and components:\n                    Current path:  -> Page:Main interface of the WhatsApp application\n                    Current page Components:\n                    '''HTML\n                    <p id=1 class='com.whatsapp:id/fab' description='New chat'>/* Below are after-click components */\n</p>\n\n<button id=2 class='com.whatsapp:id/home_tab_layout' description='Calls'>/* Below are after-click components */\nCalls<button description='Bowen'> </button>\n<button description='Yellow'> </button></button>\n\n<button id=3 class='com.whatsapp:id/home_tab_layout' description='Status'>/* Below are after-click components */\nStatus<p description='My Status'> </p>\n<button description='Add Status'> </button></button>\n\n<button id=4 class='com.whatsapp:id/home_tab_layout' description='Community'>/* Below are after-click components */\n<button description='Members'> </button>\n<button description='Add new Member'> </button>\n<p description='Connect'> </p></button>\n\n<button id=5 class='com.whatsapp:id/menuitem_overflow' description='More options'>/* Below are after-click components */\n<button description='Settings'> </button>\n<button description='WhatsApp Web'> </button></button>\n\n<p id=6 class='com.whatsapp:id/menuitem_search' description='Search'>/* Below are after-click components */\n</p>\n\n<p id=7 class='com.whatsapp:id/menuitem_camera' description='Camera'>/* Below are after-click components */\n</p>\n\n<p id=8 class='' description='end-to-end encrypted'>/* Below are after-click components */\n</p>\n\n<button id=9 class='com.whatsapp:id/contact_photo' description='Yellow'>/* Below are after-click components */\n</button>\n\n<button id=10 class='com.whatsapp:id/contact_photo' description='Wang Bowen'>/* Below are after-click components */\n</button>\n\n                    '''\n                "}
2023-08-01 16:34:31.037 | WARNING  | src.suggest:suggest:93 - Response: [10, 2, 3, 4, 5]
2023-08-01 16:34:31.037 | DEBUG    | src.suggest:suggest:94 - Suggest for Model 0 Done
--------------------Plan--------------------
2023-08-01 16:34:31.040 | DEBUG    | src.suggest:plan:169 - Plan for Model 0
2023-08-01 16:34:31.040 | INFO     | src.suggest:plan:170 - Prompt: {"role": "user", "content": "\n                Task: send a message \"Hello\" to Bowen,\nCurrent Page : Main interface of the WhatsApp application:\nCandidates:[\"<button id=10 class='com.whatsapp:id/contact_photo' description='Wang Bowen'>  </button>\\n\", \"<button id=2 class='com.whatsapp:id/home_tab_layout' description='Calls'> Calls </button>\\n\", \"<button id=3 class='com.whatsapp:id/home_tab_layout' description='Status'> Status </button>\\n\", \"<button id=4 class='com.whatsapp:id/home_tab_layout' description='Community'>  </button>\\n\", \"<button id=5 class='com.whatsapp:id/menuitem_overflow' description='More options'>  </button>\\n\"]"}
2023-08-01 16:34:39.130 | WARNING  | src.suggest:plan:189 - Candidate Action: ['click', 'click', 'click', 'click', 'click']
2023-08-01 16:34:39.131 | WARNING  | src.suggest:plan:191 - Candidate Text: [None, None, None, None, None]
2023-08-01 16:34:39.132 | DEBUG    | src.suggest:plan:192 - Plan for Model 0 Done
--------------------Evaluate--------------------
2023-08-01 16:34:39.140 | DEBUG    | src.evaluate:evaluate:67 - Evaluate for Model 0
2023-08-01 16:34:39.141 | INFO     | src.evaluate:evaluate:68 - Current Page: Main interface of the WhatsApp application
2023-08-01 16:34:39.141 | INFO     | src.evaluate:evaluate:70 - Current Path:  -> Page:Main interface of the WhatsApp application
2023-08-01 16:34:39.141 | INFO     | src.evaluate:evaluate:71 - Task: send a message "Hello" to Bowen
2023-08-01 16:34:56.596 | INFO     | src.evaluate:evaluate:93 - Judge Scores: [9. 2. 2. 2. 7.]
2023-08-01 16:34:56.598 | INFO     | src.evaluate:evaluate:94 - Weights: [1.0]
2023-08-01 16:34:56.600 | WARNING  | src.evaluate:evaluate:95 - Score: [9. 2. 2. 2. 7.]
2023-08-01 16:34:56.601 | DEBUG    | src.evaluate:evaluate:96 - Evaluate for Model 0 Done
--------------------Decide--------------------
2023-08-01 16:34:56.609 | DEBUG    | src.decide:decide:65 - Decide for Model 0
2023-08-01 16:34:56.609 | INFO     | src.decide:decide:66 - Current Page: Main interface of the WhatsApp application
2023-08-01 16:34:56.610 | INFO     | src.decide:decide:68 - Current Path: ->Page:Main interface of the WhatsApp application->Action: Click on <button id=10 class='com.whatsapp:id/contact_photo' description='Wang Bowen'>  </button>

2023-08-01 16:34:56.610 | INFO     | src.decide:decide:69 - Task: send a message "Hello" to Bowen
2023-08-01 16:34:56.610 | INFO     | src.decide:decide:70 - Prompt: {"role": "user", "content": "\n            Task:send a message \"Hello\" to Bowen\n            Action trace:->Page:Main interface of the WhatsApp application->Action: Click on <button id=10 class='com.whatsapp:id/contact_photo' description='Wang Bowen'>  </button>\n\n            "}
2023-08-01 16:35:04.470 | WARNING  | src.decide:decide:85 - Response: {"status": "partly completed", "reason": "The action trace only shows the user reaching the 'Main interface of the WhatsApp application' and clicking on a button with id=10 and description='Wang Bowen.' However, it does not include the subsequent actions required to select the contact, open the chat window, and send the message 'Hello.' Thus, the task is only partly completed in the action trace."}
2023-08-01 16:35:04.471 | DEBUG    | src.decide:decide:86 - Decide for Model 0 Done
