--------------------Predict--------------------
2023-08-01 13:19:14.363 | DEBUG    | src.predict:predict:104 - Predict for Model 1
--------------------Predict--------------------
2023-08-01 13:25:44.568 | DEBUG    | src.predict:predict:104 - Predict for Model 1
--------------------Predict--------------------
2023-08-01 13:31:20.832 | DEBUG    | src.predict:predict:104 - Predict for Model 1
--------------------Predict--------------------
2023-08-01 13:33:47.378 | DEBUG    | src.predict:predict:104 - Predict for Model 1
2023-08-01 13:33:47.378 | INFO     | src.predict:predict:106 - Current Path: 
2023-08-01 13:33:47.378 | INFO     | src.predict:predict:107 - Task: Send a message to Bowen
2023-08-01 13:33:55.585 | INFO     | src.predict:predict:123 - Response: {'Page': 'Conversation interface of the WhatsApp application', 'id=1': ["<button description='Reply'> </button>", "<button description='Forward'> </button>", "<button description='Delete'> </button>"], 'id=2': []}
2023-08-01 13:33:55.586 | WARNING  | src.predict:predict:127 - Components: {"<button id=1 class='com.whatsapp:id/menuitem_overflow' description='More options'>  </button>\n": ["<button description='Reply'> </button>", "<button description='Forward'> </button>", "<button description='Delete'> </button>"], "<div id=2 class='com.whatsapp:id/conversation_contact' > Wang Bowen </div>\n": []}
2023-08-01 13:33:55.586 | DEBUG    | src.predict:predict:128 - Predict for Model 1 Done
--------------------Suggest--------------------
2023-08-01 13:33:55.593 | DEBUG    | src.suggest:suggest:72 - Suggest for Model 1
2023-08-01 13:33:55.593 | INFO     | src.suggest:suggest:73 - Current Page: Conversation interface of the WhatsApp application
2023-08-01 13:33:55.594 | INFO     | src.suggest:suggest:75 - Current Path: Conversation interface of the WhatsApp application
2023-08-01 13:33:55.594 | INFO     | src.suggest:suggest:76 - Task: Send a message to Bowen
2023-08-01 13:33:55.594 | INFO     | src.suggest:suggest:77 - Prompt: {"role": "user", "content": "\n                    User's intention is to 'Send a message to Bowen'. Here are the details of the current pages and components:\n                    Current path: Conversation interface of the WhatsApp application\n                    Current page Components:\n                    '''HTML\n                    <button id=1 class='com.whatsapp:id/menuitem_overflow' description='More options'>/* Below are after-click components */\n<button description='Reply'> </button>\n<button description='Forward'> </button>\n<button description='Delete'> </button></button>\n\n<div id=2 class='com.whatsapp:id/conversation_contact' >/* Below are after-click components */\nWang Bowen</div>\n\n                    '''\n                "}
2023-08-01 13:34:00.965 | WARNING  | src.suggest:suggest:93 - Response: [1, 2]
2023-08-01 13:34:00.966 | DEBUG    | src.suggest:suggest:94 - Suggest for Model 1 Done
--------------------Plan--------------------
2023-08-01 13:34:00.975 | DEBUG    | src.suggest:plan:169 - Plan for Model 1
2023-08-01 13:34:00.975 | INFO     | src.suggest:plan:170 - Prompt: {"role": "user", "content": "\n                Task: Send a message to Bowen,\nCurrent Page : Conversation interface of the WhatsApp application:\nCandidates:[\"<button id=1 class='com.whatsapp:id/menuitem_overflow' description='More options'>  </button>\\n\", \"<div id=2 class='com.whatsapp:id/conversation_contact' > Wang Bowen </div>\\n\"]"}
--------------------Predict--------------------
2023-08-01 13:55:24.627 | DEBUG    | src.predict:predict:104 - Predict for Model 1
2023-08-01 13:55:24.628 | INFO     | src.predict:predict:106 - Current Path: 
2023-08-01 13:55:24.628 | INFO     | src.predict:predict:107 - Task: Send a message to Bowen
2023-08-01 13:55:42.649 | INFO     | src.predict:predict:123 - Response: {'Page': 'Main interface of the WhatsApp application', 'id=1': ["<button description='Chat with Contact'> </button>"], 'id=2': ["<button description='Bowen'> </button>"], 'id=3': ["<p description='My Status'> </p>"], 'id=4': ["<button description='Members'> </button>"], 'id=5': ["<button description='Settings'> </button>"], 'id=6': ["<input type='text' description='Search bar'> </input>"], 'id=7': ["<button description='Take Photo'> </button>"], 'id=8': ["<button description='View Yellow's Profile'> </button>"], 'id=9': ["<button description='View Wang Bowen's Profile'> </button>"]}
2023-08-01 13:55:42.650 | WARNING  | src.predict:predict:127 - Components: {"<p id=1 class='com.whatsapp:id/fab' description='New chat'>  </p>\n": ["<button description='Chat with Contact'> </button>"], "<button id=2 class='com.whatsapp:id/home_tab_layout' description='Calls'> Calls </button>\n": ["<button description='Bowen'> </button>"], "<button id=3 class='com.whatsapp:id/home_tab_layout' description='Status'> Status </button>\n": ["<p description='My Status'> </p>"], "<button id=4 class='com.whatsapp:id/home_tab_layout' description='Community'>  </button>\n": ["<button description='Members'> </button>"], "<button id=5 class='com.whatsapp:id/menuitem_overflow' description='More options'>  </button>\n": ["<button description='Settings'> </button>"], "<p id=6 class='com.whatsapp:id/menuitem_search' description='Search'>  </p>\n": ["<input type='text' description='Search bar'> </input>"], "<p id=7 class='com.whatsapp:id/menuitem_camera' description='Camera'>  </p>\n": ["<button description='Take Photo'> </button>"], "<button id=8 class='com.whatsapp:id/contact_photo' description='Yellow'>  </button>\n": ["<button description='View Yellow's Profile'> </button>"], "<button id=9 class='com.whatsapp:id/contact_photo' description='Wang Bowen'>  </button>\n": ["<button description='View Wang Bowen's Profile'> </button>"]}
2023-08-01 13:55:42.650 | DEBUG    | src.predict:predict:128 - Predict for Model 1 Done
--------------------Suggest--------------------
2023-08-01 13:55:42.660 | DEBUG    | src.suggest:suggest:72 - Suggest for Model 1
2023-08-01 13:55:42.661 | INFO     | src.suggest:suggest:73 - Current Page: Main interface of the WhatsApp application
2023-08-01 13:55:42.661 | INFO     | src.suggest:suggest:75 - Current Path: Main interface of the WhatsApp application
2023-08-01 13:55:42.661 | INFO     | src.suggest:suggest:76 - Task: Send a message to Bowen
2023-08-01 13:55:42.662 | INFO     | src.suggest:suggest:77 - Prompt: {"role": "user", "content": "\n                    User's intention is to 'Send a message to Bowen'. Here are the details of the current pages and components:\n                    Current path: Main interface of the WhatsApp application\n                    Current page Components:\n                    '''HTML\n                    <p id=1 class='com.whatsapp:id/fab' description='New chat'>/* Below are after-click components */\n<button description='Chat with Contact'> </button></p>\n\n<button id=2 class='com.whatsapp:id/home_tab_layout' description='Calls'>/* Below are after-click components */\nCalls<button description='Bowen'> </button></button>\n\n<button id=3 class='com.whatsapp:id/home_tab_layout' description='Status'>/* Below are after-click components */\nStatus<p description='My Status'> </p></button>\n\n<button id=4 class='com.whatsapp:id/home_tab_layout' description='Community'>/* Below are after-click components */\n<button description='Members'> </button></button>\n\n<button id=5 class='com.whatsapp:id/menuitem_overflow' description='More options'>/* Below are after-click components */\n<button description='Settings'> </button></button>\n\n<p id=6 class='com.whatsapp:id/menuitem_search' description='Search'>/* Below are after-click components */\n<input type='text' description='Search bar'> </input></p>\n\n<p id=7 class='com.whatsapp:id/menuitem_camera' description='Camera'>/* Below are after-click components */\n<button description='Take Photo'> </button></p>\n\n<button id=8 class='com.whatsapp:id/contact_photo' description='Yellow'>/* Below are after-click components */\n<button description='View Yellow's Profile'> </button></button>\n\n<button id=9 class='com.whatsapp:id/contact_photo' description='Wang Bowen'>/* Below are after-click components */\n<button description='View Wang Bowen's Profile'> </button></button>\n\n                    '''\n                "}
2023-08-01 13:55:54.256 | WARNING  | src.suggest:suggest:93 - Response: [9, 8, 2, 3, 4]
2023-08-01 13:55:54.257 | DEBUG    | src.suggest:suggest:94 - Suggest for Model 1 Done
--------------------Plan--------------------
2023-08-01 13:55:54.268 | DEBUG    | src.suggest:plan:169 - Plan for Model 1
2023-08-01 13:55:54.268 | INFO     | src.suggest:plan:170 - Prompt: {"role": "user", "content": "\n                Task: Send a message to Bowen,\nCurrent Page : Main interface of the WhatsApp application:\nCandidates:[\"<button id=9 class='com.whatsapp:id/contact_photo' description='Wang Bowen'>  </button>\\n\", \"<button id=8 class='com.whatsapp:id/contact_photo' description='Yellow'>  </button>\\n\", \"<button id=2 class='com.whatsapp:id/home_tab_layout' description='Calls'> Calls </button>\\n\", \"<button id=3 class='com.whatsapp:id/home_tab_layout' description='Status'> Status </button>\\n\", \"<button id=4 class='com.whatsapp:id/home_tab_layout' description='Community'>  </button>\\n\"]"}
2023-08-01 13:56:02.140 | WARNING  | src.suggest:plan:189 - Candidate Action: ['click', 'click', 'click', 'click', 'click']
2023-08-01 13:56:02.141 | WARNING  | src.suggest:plan:191 - Candidate Text: [None, None, None, None, None]
2023-08-01 13:56:02.142 | DEBUG    | src.suggest:plan:192 - Plan for Model 1 Done
--------------------Evaluate--------------------
2023-08-01 13:56:02.152 | DEBUG    | src.evaluate:evaluate:67 - Evaluate for Model 1
2023-08-01 13:56:02.152 | INFO     | src.evaluate:evaluate:68 - Current Page: Main interface of the WhatsApp application
2023-08-01 13:56:02.153 | INFO     | src.evaluate:evaluate:70 - Current Path: Main interface of the WhatsApp application
2023-08-01 13:56:02.153 | INFO     | src.evaluate:evaluate:71 - Task: Send a message to Bowen
2023-08-01 13:56:26.845 | INFO     | src.evaluate:evaluate:93 - Judge Scores: [8. 2. 2. 2. 2.]
2023-08-01 13:56:27.012 | INFO     | src.evaluate:evaluate:94 - Weights: [1.0]
2023-08-01 13:56:27.013 | WARNING  | src.evaluate:evaluate:95 - Score: [8. 2. 2. 2. 2.]
2023-08-01 13:56:27.015 | DEBUG    | src.evaluate:evaluate:96 - Evaluate for Model 1 Done
--------------------Decide--------------------
2023-08-01 13:56:27.042 | DEBUG    | src.decide:decide:65 - Decide for Model 1
2023-08-01 13:56:27.045 | INFO     | src.decide:decide:66 - Current Page: Main interface of the WhatsApp application
2023-08-01 13:56:27.045 | INFO     | src.decide:decide:68 - Current Path: Main interface of the WhatsApp application<button id=9 class='com.whatsapp:id/contact_photo' description='Wang Bowen'>  </button>

2023-08-01 13:56:27.045 | INFO     | src.decide:decide:69 - Task: Send a message to Bowen
2023-08-01 13:56:27.046 | INFO     | src.decide:decide:70 - Prompt: {"role": "user", "content": "\n            Task:Send a message to Bowen\n            Action trace:Main interface of the WhatsApp application<button id=9 class='com.whatsapp:id/contact_photo' description='Wang Bowen'>  </button>\n\n            "}
--------------------Predict--------------------
2023-08-01 14:15:23.481 | DEBUG    | src.predict:predict:104 - Predict for Model 1
2023-08-01 14:15:23.481 | INFO     | src.predict:predict:106 - Current Path: 
2023-08-01 14:15:23.481 | INFO     | src.predict:predict:107 - Task: send a message "Hello" to Bowen
2023-08-01 14:15:44.568 | INFO     | src.predict:predict:123 - Response: {'Page': 'Chat conversation interface in the WhatsApp application', 'id=1': [], 'id=2': [], 'id=3': [], 'id=4': [], 'id=5': [], 'id=6': ["<button description='Clear chat'> </button>", "<button description='Mute notifications'> </button>"], 'id=7': [], 'id=8': [], 'id=9': [], 'id=10': []}
2023-08-01 14:15:44.570 | WARNING  | src.predict:predict:127 - Components: {"<p id=1 class='com.whatsapp:id/camera_btn' description='Camera'>  </p>\n": [], "<p id=2 class='com.whatsapp:id/input_attach_button' description='Attach'>  </p>\n": [], "<p id=3 class='com.whatsapp:id/entry' > Message </p>\n": [], "<p id=4 class='com.whatsapp:id/emoji_picker_btn' description='Emoji'>  </p>\n": [], "<p id=5 class='com.whatsapp:id/info' >   Messages and calls are end-to-end encrypted. No one outside of this chat, not even WhatsApp, can read or listen to them. Tap to learn more. </p>\n": [], "<button id=6 class='com.whatsapp:id/menuitem_overflow' description='More options'>  </button>\n": ["<button description='Clear chat'> </button>", "<button description='Mute notifications'> </button>"], "<p id=7 class='' description='Voice call'>  </p>\n": [], "<p id=8 class='' description='Video call'>  </p>\n": [], "<div id=9 class='com.whatsapp:id/conversation_contact' > Wang Bowen </div>\n": [], "<p id=10 class='com.whatsapp:id/back' description='Navigate up'>  </p>\n": []}
2023-08-01 14:15:44.571 | DEBUG    | src.predict:predict:128 - Predict for Model 1 Done
--------------------Suggest--------------------
2023-08-01 14:15:44.575 | DEBUG    | src.suggest:suggest:72 - Suggest for Model 1
2023-08-01 14:15:44.575 | INFO     | src.suggest:suggest:73 - Current Page: Chat conversation interface in the WhatsApp application
2023-08-01 14:15:44.576 | INFO     | src.suggest:suggest:75 - Current Path: Chat conversation interface in the WhatsApp application
2023-08-01 14:15:44.576 | INFO     | src.suggest:suggest:76 - Task: send a message "Hello" to Bowen
2023-08-01 14:15:44.576 | INFO     | src.suggest:suggest:77 - Prompt: {"role": "user", "content": "\n                    User's intention is to 'send a message \"Hello\" to Bowen'. Here are the details of the current pages and components:\n                    Current path: Chat conversation interface in the WhatsApp application\n                    Current page Components:\n                    '''HTML\n                    <p id=1 class='com.whatsapp:id/camera_btn' description='Camera'>/* Below are after-click components */\n</p>\n\n<p id=2 class='com.whatsapp:id/input_attach_button' description='Attach'>/* Below are after-click components */\n</p>\n\n<p id=3 class='com.whatsapp:id/entry' >/* Below are after-click components */\nMessage</p>\n\n<p id=4 class='com.whatsapp:id/emoji_picker_btn' description='Emoji'>/* Below are after-click components */\n</p>\n\n<p id=5 class='com.whatsapp:id/info' >/* Below are after-click components */\nMessages and calls are end-to-end encrypted. No one outside of this chat, not even WhatsApp, can read or listen to them. Tap to learn more.</p>\n\n<button id=6 class='com.whatsapp:id/menuitem_overflow' description='More options'>/* Below are after-click components */\n<button description='Clear chat'> </button>\n<button description='Mute notifications'> </button></button>\n\n<p id=7 class='' description='Voice call'>/* Below are after-click components */\n</p>\n\n<p id=8 class='' description='Video call'>/* Below are after-click components */\n</p>\n\n<div id=9 class='com.whatsapp:id/conversation_contact' >/* Below are after-click components */\nWang Bowen</div>\n\n<p id=10 class='com.whatsapp:id/back' description='Navigate up'>/* Below are after-click components */\n</p>\n\n                    '''\n                "}
2023-08-01 14:15:57.095 | WARNING  | src.suggest:suggest:93 - Response: [3, 9, 6, 10, 5]
2023-08-01 14:15:57.098 | DEBUG    | src.suggest:suggest:94 - Suggest for Model 1 Done
--------------------Plan--------------------
2023-08-01 14:15:57.104 | DEBUG    | src.suggest:plan:169 - Plan for Model 1
2023-08-01 14:15:57.104 | INFO     | src.suggest:plan:170 - Prompt: {"role": "user", "content": "\n                Task: send a message \"Hello\" to Bowen,\nCurrent Page : Chat conversation interface in the WhatsApp application:\nCandidates:[\"<p id=3 class='com.whatsapp:id/entry' > Message </p>\\n\", \"<div id=9 class='com.whatsapp:id/conversation_contact' > Wang Bowen </div>\\n\", \"<button id=6 class='com.whatsapp:id/menuitem_overflow' description='More options'>  </button>\\n\", \"<p id=10 class='com.whatsapp:id/back' description='Navigate up'>  </p>\\n\", \"<p id=5 class='com.whatsapp:id/info' >   Messages and calls are end-to-end encrypted. No one outside of this chat, not even WhatsApp, can read or listen to them. Tap to learn more. </p>\\n\"]"}
2023-08-01 14:16:05.494 | WARNING  | src.suggest:plan:189 - Candidate Action: ['edit', 'click', 'click', 'click', 'click']
2023-08-01 14:16:05.495 | WARNING  | src.suggest:plan:191 - Candidate Text: ['Hello', None, None, None, None]
2023-08-01 14:16:05.496 | DEBUG    | src.suggest:plan:192 - Plan for Model 1 Done
--------------------Evaluate--------------------
2023-08-01 14:16:05.504 | DEBUG    | src.evaluate:evaluate:67 - Evaluate for Model 1
2023-08-01 14:16:05.505 | INFO     | src.evaluate:evaluate:68 - Current Page: Chat conversation interface in the WhatsApp application
2023-08-01 14:16:05.505 | INFO     | src.evaluate:evaluate:70 - Current Path: Chat conversation interface in the WhatsApp application
2023-08-01 14:16:05.505 | INFO     | src.evaluate:evaluate:71 - Task: send a message "Hello" to Bowen
2023-08-01 14:16:19.293 | INFO     | src.evaluate:evaluate:93 - Judge Scores: [9. 8. 6. 2. 1.]
2023-08-01 14:16:19.294 | INFO     | src.evaluate:evaluate:94 - Weights: [1.0]
2023-08-01 14:16:19.294 | WARNING  | src.evaluate:evaluate:95 - Score: [9. 8. 6. 2. 1.]
2023-08-01 14:16:19.295 | DEBUG    | src.evaluate:evaluate:96 - Evaluate for Model 1 Done
--------------------Decide--------------------
2023-08-01 14:16:19.300 | DEBUG    | src.decide:decide:65 - Decide for Model 1
2023-08-01 14:16:19.300 | INFO     | src.decide:decide:66 - Current Page: Chat conversation interface in the WhatsApp application
2023-08-01 14:16:19.300 | INFO     | src.decide:decide:68 - Current Path: Chat conversation interface in the WhatsApp application<p id=3 class='com.whatsapp:id/entry' > Message </p>

2023-08-01 14:16:19.300 | INFO     | src.decide:decide:69 - Task: send a message "Hello" to Bowen
2023-08-01 14:16:19.300 | INFO     | src.decide:decide:70 - Prompt: {"role": "user", "content": "\n            Task:send a message \"Hello\" to Bowen\n            Action trace:Chat conversation interface in the WhatsApp application<p id=3 class='com.whatsapp:id/entry' > Message </p>\n\n            "}
2023-08-01 14:16:29.966 | WARNING  | src.decide:decide:85 - Response: {"status": "wrong", "reason": "The action trace shows the user reaching the 'Chat conversation interface' in the WhatsApp application and finding the message input field. However, it does not include the action of actually sending the message 'Hello' to Bowen. Thus, the task is not completed in the action trace."}
2023-08-01 14:16:29.967 | DEBUG    | src.decide:decide:86 - Decide for Model 1 Done
--------------------Predict--------------------
2023-08-01 16:15:58.834 | DEBUG    | src.predict:predict:104 - Predict for Model 1
2023-08-01 16:15:58.834 | INFO     | src.predict:predict:106 - Current Path: 
2023-08-01 16:15:58.834 | INFO     | src.predict:predict:107 - Task: send a message "Hello" to Bowen
