--------------------Predict--------------------
2023-08-04 17:47:47.294 | DEBUG    | src.predict:predict:66 - Predict for Model 2
2023-08-04 17:47:47.294 | INFO     | src.predict:predict:68 - Current Path: ->Page:Chat conversation interface in the WhatsApp application->Action: Edit <p id=3 class='com.whatsapp:id/entry' > Message </p>
 with Hello->Page:Main interface of the WhatsApp application->Action: Click on <button id=9 class='com.whatsapp:id/contact_row_container' description='Wang Bowen,1 August 2023'> Wang Bowen </button>

2023-08-04 17:47:47.294 | INFO     | src.predict:predict:69 - Task: send a message "Hello" to Bowen
--------------------Predict--------------------
2023-08-04 19:14:07.238 | DEBUG    | src.predict:predict:66 - Predict for Model 2
2023-08-04 19:14:07.238 | INFO     | src.predict:predict:68 - Current Path: ->Page:Main interface of the WhatsApp application->Action: Click on <button id=5 class='com.whatsapp:id/menuitem_overflow' description='More options'>  </button>
->Page:Settings page->Action: Click on <div id=1 class='' > Settings </div>

2023-08-04 19:14:07.239 | INFO     | src.predict:predict:69 - Task: turn notification dots on
2023-08-04 19:14:34.369 | INFO     | src.predict:predict:158 - Response: {'Page': 'Settings page of the WhatsApp application', 'id=1': ["<p description='Help and support'> </p>"], 'id=2': ["<p description='Change language'> </p>"], 'id=3': ["<p description='Manage storage and data usage'> </p>"], 'id=4': ["<p description='Configure notifications'> </p>"], 'id=5': ["<p description='Manage chat settings'> </p>"], 'id=6': [], 'id=7': ["<p description='Configure privacy settings'> </p>"], 'id=8': ["<p description='Manage account settings'> </p>"], 'id=9': ["<p description='View and edit profile information'> </p>"], 'id=10': [], 'id=11': []}
2023-08-04 19:14:34.372 | WARNING  | src.predict:predict:162 - Components: {"<p id=10 class='com.whatsapp:id/menuitem_search' description='Search'>  </p>\n": ["<p class='com.whatsapp:id/search_media_filter_link' > Links </p>", "<p class='com.whatsapp:id/search_media_filter_audio' > Audio </p>", "<button class='com.whatsapp:id/contact_photo' description='Yellow'>  </button>", "<p class='com.whatsapp:id/search_unread_filter' > Unread </p>"], "<div id=1 class='com.whatsapp:id/settings_help' > Help </div>\n": ["<p description='Help and support'> </p>"], "<div id=2 class='com.whatsapp:id/settings_language' > App language </div>\n": ["<p description='Change language'> </p>"], "<div id=3 class='com.whatsapp:id/settings_data_usage' > Storage and data </div>\n": ["<p description='Manage storage and data usage'> </p>"], "<div id=4 class='com.whatsapp:id/settings_notifications' > Notifications </div>\n": ["<p description='Configure notifications'> </p>"], "<div id=5 class='com.whatsapp:id/settings_chat' > Chats </div>\n": ["<p description='Manage chat settings'> </p>"], "<div id=6 class='com.whatsapp:id/settings_avatar' > Avatar </div>\n": [], "<div id=7 class='com.whatsapp:id/privacy_preference' > Privacy </div>\n": ["<p description='Configure privacy settings'> </p>"], "<div id=8 class='com.whatsapp:id/settings_account_info' > Account </div>\n": ["<p description='Manage account settings'> </p>"], "<div id=9 class='com.whatsapp:id/profile_info' description='You,QR code'> Haon Elsa Baby </div>\n": ["<p description='View and edit profile information'> </p>"], "<p id=11 class='' description='Navigate up'>  </p>\n": []}
2023-08-04 19:14:34.372 | DEBUG    | src.predict:predict:163 - Predict for Model 2 Done
--------------------Suggest--------------------
2023-08-04 19:14:34.383 | DEBUG    | src.suggest:suggest:94 - Suggest for Model 2
2023-08-04 19:14:34.383 | INFO     | src.suggest:suggest:95 - Current Page: Settings page of the WhatsApp application
2023-08-04 19:14:34.384 | INFO     | src.suggest:suggest:97 - Current Path:  -> Page:Main interface of the WhatsApp application -> Action: Click on <button id=5 class='com.whatsapp:id/menuitem_overflow' description='More options'>  </button>
 -> Page:Settings page -> Action: Click on <div id=1 class='' > Settings </div>
 -> Page:Settings page of the WhatsApp application
2023-08-04 19:14:34.384 | INFO     | src.suggest:suggest:98 - Task: turn notification dots on
2023-08-04 19:14:34.384 | INFO     | src.suggest:suggest:99 - Prompt: {"role": "user", "content": "\n                    Intention :'turn notification dots on'.\n                    Current path:  -> Page:Main interface of the WhatsApp application -> Action: Click on <button id=5 class='com.whatsapp:id/menuitem_overflow' description='More options'>  </button>\n -> Page:Settings page -> Action: Click on <div id=1 class='' > Settings </div>\n -> Page:Settings page of the WhatsApp application\n                    Components:\n                    '''HTML\n                    [\"<p id=10 class='com.whatsapp:id/menuitem_search' description='Search'>/* Below are predicted after-click components */\\n<p class='com.whatsapp:id/search_media_filter_link' > Links </p>\\n<p class='com.whatsapp:id/search_media_filter_audio' > Audio </p>\\n<button class='com.whatsapp:id/contact_photo' description='Yellow'>  </button>\\n<p class='com.whatsapp:id/search_unread_filter' > Unread </p></p>\\n\", \"<div id=1 class='com.whatsapp:id/settings_help' >/* Below are predicted after-click components */\\nHelp<p description='Help and support'> </p></div>\\n\", \"<div id=2 class='com.whatsapp:id/settings_language' >/* Below are predicted after-click components */\\nApp language<p description='Change language'> </p></div>\\n\", \"<div id=3 class='com.whatsapp:id/settings_data_usage' >/* Below are predicted after-click components */\\nStorage and data<p description='Manage storage and data usage'> </p></div>\\n\", \"<div id=4 class='com.whatsapp:id/settings_notifications' >/* Below are predicted after-click components */\\nNotifications<p description='Configure notifications'> </p></div>\\n\", \"<div id=5 class='com.whatsapp:id/settings_chat' >/* Below are predicted after-click components */\\nChats<p description='Manage chat settings'> </p></div>\\n\", \"<div id=6 class='com.whatsapp:id/settings_avatar' >/* Below are predicted after-click components */\\nAvatar</div>\\n\", \"<div id=7 class='com.whatsapp:id/privacy_preference' >/* Below are predicted after-click components */\\nPrivacy<p description='Configure privacy settings'> </p></div>\\n\", \"<div id=8 class='com.whatsapp:id/settings_account_info' >/* Below are predicted after-click components */\\nAccount<p description='Manage account settings'> </p></div>\\n\", \"<div id=9 class='com.whatsapp:id/profile_info' description='You,QR code'>/* Below are predicted after-click components */\\nHaon Elsa Baby<p description='View and edit profile information'> </p></div>\\n\", \"<p id=11 class='' description='Navigate up'>/* Below are predicted after-click components */\\n</p>\\n\"]\n                    '''\n                    Examples from Library:\n                    [\"Turn off notifications from TikTok:['Me', 'Settings and privacy', 'Notifications', 'Toggle off Allow notifications']\", \"Turn on dark mode on TikTok:['Me', 'Settings and privacy', 'Content and activity', 'Dark mode', 'Choose Dark']\", \"Turn on push notifications for comments and likes on Weibo:['Me', 'Settings', 'Notifications', 'Toggle on Comments and Likes']\", \"View my notifications or messages on Zhihu:['Tap the profile icon on the bottom right', 'Tap the bell icon or the message icon on the top left', 'Select a notification or message from the list']\"]\n                    Remember You must select five items!\n                "}
2023-08-04 19:14:45.625 | WARNING  | src.suggest:suggest:116 - Response: [4, 5, 3, 7, 2]
2023-08-04 19:14:45.628 | DEBUG    | src.suggest:suggest:117 - Suggest for Model 2 Done
--------------------Plan--------------------
2023-08-04 19:14:45.637 | DEBUG    | src.suggest:plan:192 - Plan for Model 2
2023-08-04 19:14:45.638 | INFO     | src.suggest:plan:193 - Prompt: {"role": "user", "content": "\n                Task: turn notification dots on,\nCurrent Page : Settings page of the WhatsApp application:\nCandidates:[\"<div id=4 class='com.whatsapp:id/settings_notifications' > Notifications </div>\\n\", \"<div id=5 class='com.whatsapp:id/settings_chat' > Chats </div>\\n\", \"<div id=3 class='com.whatsapp:id/settings_data_usage' > Storage and data </div>\\n\", \"<div id=7 class='com.whatsapp:id/privacy_preference' > Privacy </div>\\n\", \"<div id=2 class='com.whatsapp:id/settings_language' > App language </div>\\n\"]"}
2023-08-04 19:14:54.427 | WARNING  | src.suggest:plan:212 - Candidate Action: ['click', 'click', 'click', 'click', 'click']
2023-08-04 19:14:54.427 | WARNING  | src.suggest:plan:214 - Candidate Text: [None, None, None, None, None]
2023-08-04 19:14:54.427 | DEBUG    | src.suggest:plan:215 - Plan for Model 2 Done
--------------------Evaluate--------------------
2023-08-04 19:14:54.431 | DEBUG    | src.evaluate:evaluate:67 - Evaluate for Model 2
2023-08-04 19:14:54.431 | INFO     | src.evaluate:evaluate:68 - Current Page: Settings page of the WhatsApp application
2023-08-04 19:14:54.431 | INFO     | src.evaluate:evaluate:70 - Current Path:  -> Page:Main interface of the WhatsApp application -> Action: Click on <button id=5 class='com.whatsapp:id/menuitem_overflow' description='More options'>  </button>
 -> Page:Settings page -> Action: Click on <div id=1 class='' > Settings </div>
 -> Page:Settings page of the WhatsApp application
2023-08-04 19:14:54.432 | INFO     | src.evaluate:evaluate:71 - Task: turn notification dots on
2023-08-04 19:15:08.920 | INFO     | src.evaluate:evaluate:93 - Judge Scores: [9. 3. 4. 2. 1.]
2023-08-04 19:15:08.921 | INFO     | src.evaluate:evaluate:94 - Weights: [1.0]
2023-08-04 19:15:08.922 | WARNING  | src.evaluate:evaluate:95 - Score: [9. 3. 4. 2. 1.]
2023-08-04 19:15:08.922 | DEBUG    | src.evaluate:evaluate:96 - Evaluate for Model 2 Done
--------------------Decide--------------------
2023-08-04 19:15:08.936 | DEBUG    | src.decide:decide:68 - Decide for Model 2
2023-08-04 19:15:08.937 | INFO     | src.decide:decide:69 - Current Page: Settings page of the WhatsApp application
2023-08-04 19:15:08.937 | INFO     | src.decide:decide:71 - Current Path: ->Page:Main interface of the WhatsApp application->Action: Click on <button id=5 class='com.whatsapp:id/menuitem_overflow' description='More options'>  </button>
->Page:Settings page->Action: Click on <div id=1 class='' > Settings </div>
->Page:Settings page of the WhatsApp application->Action: Click on <div id=4 class='com.whatsapp:id/settings_notifications' > Notifications </div>

2023-08-04 19:15:08.937 | INFO     | src.decide:decide:72 - Task: turn notification dots on
2023-08-04 19:15:08.937 | INFO     | src.decide:decide:73 - Prompt: {"role": "user", "content": "\n            Task:turn notification dots on\n            Action trace:->Page:Main interface of the WhatsApp application->Action: Click on <button id=5 class='com.whatsapp:id/menuitem_overflow' description='More options'>  </button>\n->Page:Settings page->Action: Click on <div id=1 class='' > Settings </div>\n->Page:Settings page of the WhatsApp application->Action: Click on <div id=4 class='com.whatsapp:id/settings_notifications' > Notifications </div>\n\n            Completed Examples from Library:\n            [\"Turn off notifications from TikTok:['Me', 'Settings and privacy', 'Notifications', 'Toggle off Allow notifications']\", \"Turn on dark mode on TikTok:['Me', 'Settings and privacy', 'Content and activity', 'Dark mode', 'Choose Dark']\", \"Turn on push notifications for comments and likes on Weibo:['Me', 'Settings', 'Notifications', 'Toggle on Comments and Likes']\", \"View my notifications or messages on Zhihu:['Tap the profile icon on the bottom right', 'Tap the bell icon or the message icon on the top left', 'Select a notification or message from the list']\"]\n            "}
2023-08-04 19:15:21.667 | WARNING  | src.decide:decide:88 - Response: {"status": "partly completed", "reason": "The action trace only shows the user reaching the 'Notifications' page in the WhatsApp settings. However, it does not include the subsequent actions required to toggle on the notification dots or save the changes. Thus, the task is only partly completed in the action trace."}
2023-08-04 19:15:21.668 | DEBUG    | src.decide:decide:89 - Decide for Model 2 Done
