--------------------Predict--------------------
2023-08-04 19:15:29.576 | DEBUG    | src.predict:predict:66 - Predict for Model 3
2023-08-04 19:15:29.576 | INFO     | src.predict:predict:68 - Current Path: ->Page:Main interface of the WhatsApp application->Action: Click on <button id=5 class='com.whatsapp:id/menuitem_overflow' description='More options'>  </button>
->Page:Settings page->Action: Click on <div id=1 class='' > Settings </div>
->Page:Settings page of the WhatsApp application->Action: Click on <div id=4 class='com.whatsapp:id/settings_notifications' > Notifications </div>

2023-08-04 19:15:29.577 | INFO     | src.predict:predict:69 - Task: turn notification dots on
2023-08-04 19:15:52.288 | INFO     | src.predict:predict:158 - Response: {'Page': 'Settings page of the WhatsApp application', 'id=1': ["<dialog description='Select Notification Tone'> </dialog>"], 'id=2': [], 'id=3': [], 'id=4': [], 'id=5': [], 'id=6': [], 'id=7': ["<dialog description='Select Notification Tone'> </dialog>"], 'id=8': [], 'id=9': ["<button description='Settings'> </button>", "<button description='WhatsApp Web'> </button>"], 'id=10': []}
2023-08-04 19:15:52.290 | WARNING  | src.predict:predict:162 - Components: {"<div id=1 class='com.whatsapp:id/group_notification_tone_setting' > Notification tone </div>
": ["<dialog description='Select Notification Tone'> </dialog>"], "<div id=2 class='com.whatsapp:id/reaction_notifications_setting' > Reaction Notifications </div>
": [], "<div id=3 class='com.whatsapp:id/high_priority_notifications_setting' > Use high priority notifications </div>
": [], "<div id=4 class='com.whatsapp:id/notification_light_setting' > Light </div>
": [], "<div id=5 class='com.whatsapp:id/popup_notification_setting' > Popup notification </div>
": [], "<div id=6 class='com.whatsapp:id/vibrate_setting' > Vibrate </div>
": [], "<div id=7 class='com.whatsapp:id/notification_tone_setting' > Notification tone </div>
": ["<dialog description='Select Notification Tone'> </dialog>"], "<div id=8 class='com.whatsapp:id/conversation_sound_setting' > Conversation tones </div>
": [], "<button id=9 class='com.whatsapp:id/menuitem_overflow' description='More options'>  </button>
": ["<button description='Settings'> </button>", "<button description='WhatsApp Web'> </button>"], "<p id=10 class='' description='Navigate up'>  </p>
": []}
2023-08-04 19:15:52.291 | DEBUG    | src.predict:predict:163 - Predict for Model 3 Done
--------------------Suggest--------------------
2023-08-04 19:15:52.302 | DEBUG    | src.suggest:suggest:94 - Suggest for Model 3
2023-08-04 19:15:52.303 | INFO     | src.suggest:suggest:95 - Current Page: Settings page of the WhatsApp application
2023-08-04 19:15:52.304 | INFO     | src.suggest:suggest:97 - Current Path:  -> Page:Main interface of the WhatsApp application -> Action: Click on <button id=5 class='com.whatsapp:id/menuitem_overflow' description='More options'>  </button>
 -> Page:Settings page -> Action: Click on <div id=1 class='' > Settings </div>
 -> Page:Settings page of the WhatsApp application -> Action: Click on <div id=4 class='com.whatsapp:id/settings_notifications' > Notifications </div>
 -> Page:Settings page of the WhatsApp application
2023-08-04 19:15:52.304 | INFO     | src.suggest:suggest:98 - Task: turn notification dots on
2023-08-04 19:15:52.304 | INFO     | src.suggest:suggest:99 - Prompt: {"role": "user", "content": "
                    Intention :'turn notification dots on'.
                    Current path:  -> Page:Main interface of the WhatsApp application -> Action: Click on <button id=5 class='com.whatsapp:id/menuitem_overflow' description='More options'>  </button>
 -> Page:Settings page -> Action: Click on <div id=1 class='' > Settings </div>
 -> Page:Settings page of the WhatsApp application -> Action: Click on <div id=4 class='com.whatsapp:id/settings_notifications' > Notifications </div>
 -> Page:Settings page of the WhatsApp application
                    Components:
                    '''HTML
                    [\"<div id=1 class='com.whatsapp:id/group_notification_tone_setting' >/* Below are predicted after-click components */\
Notification tone<dialog description='Select Notification Tone'> </dialog></div>\
\", \"<div id=2 class='com.whatsapp:id/reaction_notifications_setting' >/* Below are predicted after-click components */\
Reaction Notifications</div>\
\", \"<div id=3 class='com.whatsapp:id/high_priority_notifications_setting' >/* Below are predicted after-click components */\
Use high priority notifications</div>\
\", \"<div id=4 class='com.whatsapp:id/notification_light_setting' >/* Below are predicted after-click components */\
Light</div>\
\", \"<div id=5 class='com.whatsapp:id/popup_notification_setting' >/* Below are predicted after-click components */\
Popup notification</div>\
\", \"<div id=6 class='com.whatsapp:id/vibrate_setting' >/* Below are predicted after-click components */\
Vibrate</div>\
\", \"<div id=7 class='com.whatsapp:id/notification_tone_setting' >/* Below are predicted after-click components */\
Notification tone<dialog description='Select Notification Tone'> </dialog></div>\
\", \"<div id=8 class='com.whatsapp:id/conversation_sound_setting' >/* Below are predicted after-click components */\
Conversation tones</div>\
\", \"<button id=9 class='com.whatsapp:id/menuitem_overflow' description='More options'>/* Below are predicted after-click components */\
<button description='Settings'> </button>\
<button description='WhatsApp Web'> </button></button>\
\", \"<p id=10 class='' description='Navigate up'>/* Below are predicted after-click components */\
</p>\
\"]
                    '''
                    Examples from Library:
                    [\"Turn off notifications from TikTok:['Me', 'Settings and privacy', 'Notifications', 'Toggle off Allow notifications']\", \"Turn on dark mode on TikTok:['Me', 'Settings and privacy', 'Content and activity', 'Dark mode', 'Choose Dark']\", \"Turn on push notifications for comments and likes on Weibo:['Me', 'Settings', 'Notifications', 'Toggle on Comments and Likes']\", \"View my notifications or messages on Zhihu:['Tap the profile icon on the bottom right', 'Tap the bell icon or the message icon on the top left', 'Select a notification or message from the list']\"]
                    Remember You must select five items!
                "}
2023-08-04 19:16:03.766 | WARNING  | src.suggest:suggest:116 - Response: [4, 5, 6, 1, 7]
2023-08-04 19:16:03.767 | DEBUG    | src.suggest:suggest:117 - Suggest for Model 3 Done
--------------------Plan--------------------
2023-08-04 19:16:03.773 | DEBUG    | src.suggest:plan:192 - Plan for Model 3
2023-08-04 19:16:03.774 | INFO     | src.suggest:plan:193 - Prompt: {"role": "user", "content": "
                Task: turn notification dots on,
Current Page : Settings page of the WhatsApp application:
Candidates:[\"<div id=4 class='com.whatsapp:id/notification_light_setting' > Light </div>\
\", \"<div id=5 class='com.whatsapp:id/popup_notification_setting' > Popup notification </div>\
\", \"<div id=6 class='com.whatsapp:id/vibrate_setting' > Vibrate </div>\
\", \"<div id=1 class='com.whatsapp:id/group_notification_tone_setting' > Notification tone </div>\
\", \"<div id=7 class='com.whatsapp:id/notification_tone_setting' > Notification tone </div>\
\"]"}
2023-08-04 19:16:11.333 | WARNING  | src.suggest:plan:212 - Candidate Action: ['click', 'click', 'click', 'click', 'click']
2023-08-04 19:16:11.334 | WARNING  | src.suggest:plan:214 - Candidate Text: [None, None, None, None, None]
2023-08-04 19:16:11.334 | DEBUG    | src.suggest:plan:215 - Plan for Model 3 Done
--------------------Evaluate--------------------
2023-08-04 19:16:11.340 | DEBUG    | src.evaluate:evaluate:67 - Evaluate for Model 3
2023-08-04 19:16:11.340 | INFO     | src.evaluate:evaluate:68 - Current Page: Settings page of the WhatsApp application
2023-08-04 19:16:11.341 | INFO     | src.evaluate:evaluate:70 - Current Path:  -> Page:Main interface of the WhatsApp application -> Action: Click on <button id=5 class='com.whatsapp:id/menuitem_overflow' description='More options'>  </button>
 -> Page:Settings page -> Action: Click on <div id=1 class='' > Settings </div>
 -> Page:Settings page of the WhatsApp application -> Action: Click on <div id=4 class='com.whatsapp:id/settings_notifications' > Notifications </div>
 -> Page:Settings page of the WhatsApp application
2023-08-04 19:16:11.341 | INFO     | src.evaluate:evaluate:71 - Task: turn notification dots on
2023-08-04 19:16:28.231 | INFO     | src.evaluate:evaluate:93 - Judge Scores: [2. 3. 6. 8. 7.]
2023-08-04 19:16:28.231 | INFO     | src.evaluate:evaluate:94 - Weights: [1.0]
2023-08-04 19:16:28.232 | WARNING  | src.evaluate:evaluate:95 - Score: [2. 3. 6. 8. 7.]
2023-08-04 19:16:28.232 | DEBUG    | src.evaluate:evaluate:96 - Evaluate for Model 3 Done
--------------------Decide--------------------
2023-08-04 19:16:28.236 | DEBUG    | src.decide:decide:68 - Decide for Model 3
2023-08-04 19:16:28.236 | INFO     | src.decide:decide:69 - Current Page: Settings page of the WhatsApp application
2023-08-04 19:16:28.236 | INFO     | src.decide:decide:71 - Current Path: ->Page:Main interface of the WhatsApp application->Action: Click on <button id=5 class='com.whatsapp:id/menuitem_overflow' description='More options'>  </button>
->Page:Settings page->Action: Click on <div id=1 class='' > Settings </div>
->Page:Settings page of the WhatsApp application->Action: Click on <div id=4 class='com.whatsapp:id/settings_notifications' > Notifications </div>
->Page:Settings page of the WhatsApp application->Action: Click on <div id=1 class='com.whatsapp:id/group_notification_tone_setting' > Notification tone </div>

2023-08-04 19:16:28.236 | INFO     | src.decide:decide:72 - Task: turn notification dots on
2023-08-04 19:16:28.236 | INFO     | src.decide:decide:73 - Prompt: {"role": "user", "content": "
            Task:turn notification dots on
            Action trace:->Page:Main interface of the WhatsApp application->Action: Click on <button id=5 class='com.whatsapp:id/menuitem_overflow' description='More options'>  </button>
->Page:Settings page->Action: Click on <div id=1 class='' > Settings </div>
->Page:Settings page of the WhatsApp application->Action: Click on <div id=4 class='com.whatsapp:id/settings_notifications' > Notifications </div>
->Page:Settings page of the WhatsApp application->Action: Click on <div id=1 class='com.whatsapp:id/group_notification_tone_setting' > Notification tone </div>

            Completed Examples from Library:
            [\"Turn off notifications from TikTok:['Me', 'Settings and privacy', 'Notifications', 'Toggle off Allow notifications']\", \"Turn on dark mode on TikTok:['Me', 'Settings and privacy', 'Content and activity', 'Dark mode', 'Choose Dark']\", \"Turn on push notifications for comments and likes on Weibo:['Me', 'Settings', 'Notifications', 'Toggle on Comments and Likes']\", \"View my notifications or messages on Zhihu:['Tap the profile icon on the bottom right', 'Tap the bell icon or the message icon on the top left', 'Select a notification or message from the list']\"]
            "}
2023-08-04 19:16:40.184 | WARNING  | src.decide:decide:88 - Response: {"status": "wrong", "reason": "The final action in the action trace deviates from the correct execution path for the given task. Clicking on 'Notification tone' does not directly relate to the task of turning notification dots on."}
2023-08-04 19:16:40.185 | DEBUG    | src.decide:decide:89 - Decide for Model 3 Done
