--------------------Predict--------------------
2023-08-08 11:26:44.141 | DEBUG    | src.predict:predict:74 - Predict for Model 0
2023-08-08 11:26:44.141 | INFO     | src.predict:predict:76 - Current Path: 
2023-08-08 11:26:44.141 | INFO     | src.predict:predict:77 - Task: change notification settings in the gmail app
2023-08-08 11:27:15.265 | INFO     | src.predict:predict:186 - Response: {'Page': 'Home screen or launcher interface', 'id=1': ["<div description='Clock Widget Details'> </div>"], 'id=2': [], 'id=3': ["<div description='Browser Widget Details'> </div>"], 'id=4': [], 'id=5': ["<div description='Weather Widget Details'> </div>"], 'id=6': [], 'id=7': [], 'id=8': [], 'id=9': [], 'id=10': [], 'id=11': [], 'id=12': [], 'id=13': []}
2023-08-08 11:27:15.268 | WARNING  | src.predict:predict:191 - Components: {"<div id=1 class='' description='ClockCan be expanded into a service widget'> Clock </div>\n": ["<div description='Clock Widget Details'> </div>"], "<div id=2 class='' description='YouTube'> YouTube </div>\n": [], "<div id=3 class='' description='BrowserCan be expanded into a service widget'> Browser </div>\n": ["<div description='Browser Widget Details'> </div>"], "<div id=4 class='' description='Settings'> Settings </div>\n": [], "<div id=5 class='' description='WeatherCan be expanded into a service widget'> Weather </div>\n": ["<div description='Weather Widget Details'> </div>"], "<div id=6 class='' description='Instagram'> Instagram </div>\n": [], "<div id=7 class='' description='X'> X </div>\n": [], "<div id=8 class='' description='Play Store'> Play Store </div>\n": [], "<div id=9 class='' description='Maps'> Maps </div>\n": [], "<div id=10 class='' description='Calendar'> Calendar </div>\n": [], "<div id=11 class='' description='Drive'> Drive </div>\n": [], "<div id=12 class='' description='Gmail'> Gmail </div>\n": [], "<div id=13 class='' description='Google'> Google </div>\n": []}
2023-08-08 11:27:15.269 | DEBUG    | src.predict:predict:192 - Predict for Model 0 Done
--------------------Suggest--------------------
2023-08-08 11:27:15.279 | DEBUG    | src.suggest:suggest:93 - Suggest for Model 0
2023-08-08 11:27:15.280 | INFO     | src.suggest:suggest:94 - Current Page: Home screen or launcher interface
2023-08-08 11:27:15.280 | INFO     | src.suggest:suggest:96 - Current Path:  -> Page:Home screen or launcher interface
2023-08-08 11:27:15.280 | INFO     | src.suggest:suggest:97 - Task: change notification settings in the gmail app
2023-08-08 11:27:15.280 | INFO     | src.suggest:suggest:98 - Prompt: {"role": "user", "content": "\n                    Intention :'change notification settings in the gmail app'.\n                    Current path:  -> Page:Home screen or launcher interface\n                    Components:\n                    '''HTML\n                    [\"<div id=1 class='' description='ClockCan be expanded into a service widget'> Clock\\n/* Below are predicted after-click components */\\n    <div description='Clock Widget Details'> </div> </div>\\n\", \"<div id=2 class='' description='YouTube'> YouTube\\n/* Below are predicted after-click components */\\n     </div>\\n\", \"<div id=3 class='' description='BrowserCan be expanded into a service widget'> Browser\\n/* Below are predicted after-click components */\\n    <div description='Browser Widget Details'> </div> </div>\\n\", \"<div id=4 class='' description='Settings'> Settings\\n/* Below are predicted after-click components */\\n     </div>\\n\", \"<div id=5 class='' description='WeatherCan be expanded into a service widget'> Weather\\n/* Below are predicted after-click components */\\n    <div description='Weather Widget Details'> </div> </div>\\n\", \"<div id=6 class='' description='Instagram'> Instagram\\n/* Below are predicted after-click components */\\n     </div>\\n\", \"<div id=7 class='' description='X'> X\\n/* Below are predicted after-click components */\\n     </div>\\n\", \"<div id=8 class='' description='Play Store'> Play Store\\n/* Below are predicted after-click components */\\n     </div>\\n\", \"<div id=9 class='' description='Maps'> Maps\\n/* Below are predicted after-click components */\\n     </div>\\n\", \"<div id=10 class='' description='Calendar'> Calendar\\n/* Below are predicted after-click components */\\n     </div>\\n\", \"<div id=11 class='' description='Drive'> Drive\\n/* Below are predicted after-click components */\\n     </div>\\n\", \"<div id=12 class='' description='Gmail'> Gmail\\n/* Below are predicted after-click components */\\n     </div>\\n\", \"<div id=13 class='' description='Google'> Google\\n/* Below are predicted after-click components */\\n     </div>\\n\"]\n                    '''\n                    Examples from Library:\n                    [\"View my notifications or messages on Zhihu:['Tap the profile icon on the bottom right', 'Tap the bell icon or the message icon on the top left', 'Select a notification or message from the list']\", \"Turn off notifications from TikTok:['Me', 'Settings and privacy', 'Notifications', 'Toggle off Allow notifications']\", \"Turn on push notifications for comments and likes on Weibo:['Me', 'Settings', 'Notifications', 'Toggle on Comments and Likes']\", \"Turn off WeChat notifications for chat group 2:['Select the group 2', 'Toggle on Mute Notifications']\"]\n                "}
2023-08-08 11:27:23.145 | WARNING  | src.suggest:suggest:115 - Response: [4, 12, 1, 3, 5]
2023-08-08 11:27:23.145 | DEBUG    | src.suggest:suggest:116 - Suggest for Model 0 Done
--------------------Plan--------------------
2023-08-08 11:27:23.155 | DEBUG    | src.suggest:plan:191 - Plan for Model 0
2023-08-08 11:27:23.155 | INFO     | src.suggest:plan:192 - Prompt: {"role": "user", "content": "\n                Task: change notification settings in the gmail app,\nCurrent Page : Home screen or launcher interface:\nCandidates:[\"<div id=4 class='' description='Settings'> Settings </div>\\n\", \"<div id=12 class='' description='Gmail'> Gmail </div>\\n\", \"<div id=1 class='' description='ClockCan be expanded into a service widget'> Clock </div>\\n\", \"<div id=3 class='' description='BrowserCan be expanded into a service widget'> Browser </div>\\n\", \"<div id=5 class='' description='WeatherCan be expanded into a service widget'> Weather </div>\\n\"]"}
2023-08-08 11:27:30.615 | WARNING  | src.suggest:plan:211 - Candidate Action: ['click', 'click', 'click', 'click', 'click']
2023-08-08 11:27:30.616 | WARNING  | src.suggest:plan:213 - Candidate Text: [None, None, None, None, None]
2023-08-08 11:27:30.616 | DEBUG    | src.suggest:plan:214 - Plan for Model 0 Done
--------------------Evaluate--------------------
2023-08-08 11:27:30.626 | DEBUG    | src.evaluate:evaluate:67 - Evaluate for Model 0
2023-08-08 11:27:30.627 | INFO     | src.evaluate:evaluate:68 - Current Page: Home screen or launcher interface
2023-08-08 11:27:30.627 | INFO     | src.evaluate:evaluate:70 - Current Path:  -> Page:Home screen or launcher interface
2023-08-08 11:27:30.627 | INFO     | src.evaluate:evaluate:71 - Task: change notification settings in the gmail app
2023-08-08 11:27:45.474 | INFO     | src.evaluate:evaluate:93 - Judge Scores: [9. 6. 2. 1. 1.]
2023-08-08 11:27:45.476 | INFO     | src.evaluate:evaluate:94 - Weights: [1.0]
2023-08-08 11:27:45.476 | WARNING  | src.evaluate:evaluate:95 - Score: [9. 6. 2. 1. 1.]
2023-08-08 11:27:45.476 | DEBUG    | src.evaluate:evaluate:96 - Evaluate for Model 0 Done
--------------------Decide--------------------
2023-08-08 11:27:51.704 | DEBUG    | src.decide:decide:98 - Decide for Model 0
2023-08-08 11:27:51.704 | INFO     | src.decide:decide:99 - Current Page: Home screen or launcher interface
2023-08-08 11:27:51.704 | INFO     | src.decide:decide:100 - Current Path: ->Page:Home screen or launcher interface->Action: Click on <div id=4 class='' description='Settings'> Settings </div>

2023-08-08 11:27:51.705 | INFO     | src.decide:decide:101 - Task: change notification settings in the gmail app
2023-08-08 11:27:51.705 | INFO     | src.decide:decide:102 - Prompt: {"role": "user", "content": "\nTask:change notification settings in the gmail app\nAction trace:->Page:Home screen or launcher interface->Action: Click on <div id=4 class='' description='Settings'> Settings </div>\n\nLast Page:[\"<div id=1 class='' > Security </div>\\n\", \"<div id=2 class='' > Storage </div>\\n\", \"<div id=3 class='' > Battery </div>\\n\", \"<div id=4 class='' > Apps & services </div>\\n\", \"<div id=5 class='' > Biometrics & password </div>\\n\", \"<div id=6 class='' > Notifications & status bar </div>\\n\", \"<div id=7 class='' > Sounds & vibration </div>\\n\", \"<div id=8 class='' > Display & brightness </div>\\n\", \"<div id=9 class='' > Home screen & wallpaper </div>\\n\", \"<div id=10 class='' > More connections </div>\\n\", \"<div id=11 class='' > Super Device </div>\\n\", \"<div id=12 class='' > Mobile network </div>\\n\", \"<div id=13 class='android:id/search_bar' description='Search query'> Search\\n    <div id=14 class='android:id/search_edit_frame' description='Search query'> Search </div>\\n\\n    <div id=15 class='android:id/search_plate' description='Search query'> Search </div>\\n\\n    <div id=16 class='android:id/search_src_text' description='Search query'> Search </div>\\n </div>\\n\"]\nCompleted Examples from Library:\n[\"View my notifications or messages on Zhihu:['Tap the profile icon on the bottom right', 'Tap the bell icon or the message icon on the top left', 'Select a notification or message from the list']\", \"Turn off notifications from TikTok:['Me', 'Settings and privacy', 'Notifications', 'Toggle off Allow notifications']\", \"Turn on push notifications for comments and likes on Weibo:['Me', 'Settings', 'Notifications', 'Toggle on Comments and Likes']\", \"Turn off WeChat notifications for chat group 2:['Select the group 2', 'Toggle on Mute Notifications']\"]\n            "}
2023-08-08 11:28:19.257 | WARNING  | src.decide:decide:113 - Response: {"status": "wrong", "reason": "The user has navigated to the device's settings instead of the Gmail app's settings. The user needs to open the Gmail app and navigate to its settings to change notification settings."}
2023-08-08 11:28:19.258 | DEBUG    | src.decide:decide:114 - Decide for Model 0 Done
--------------------Predict--------------------
2023-08-08 11:39:56.398 | DEBUG    | src.predict:predict:74 - Predict for Model 0
2023-08-08 11:39:56.398 | INFO     | src.predict:predict:76 - Current Path: 
2023-08-08 11:39:56.399 | INFO     | src.predict:predict:77 - Task: change notification settings in the gmail app
--------------------Predict--------------------
2023-08-08 11:41:34.640 | DEBUG    | src.predict:predict:74 - Predict for Model 0
2023-08-08 11:41:34.640 | INFO     | src.predict:predict:76 - Current Path: 
2023-08-08 11:41:34.640 | INFO     | src.predict:predict:77 - Task: change notification settings in the gmail app
2023-08-08 11:42:00.387 | INFO     | src.predict:predict:186 - Response: {'Page': 'Home screen or dashboard', 'id=1': ["<div description='Clock widget'> </div>"], 'id=2': ["<div description='YouTube app'> </div>"], 'id=3': ["<div description='Browser widget'> </div>"], 'id=4': ["<div description='Settings menu'> </div>"], 'id=5': ["<div description='Weather widget'> </div>"], 'id=6': ["<div description='Instagram app'> </div>"], 'id=7': ["<div description='Play Store app'> </div>"], 'id=8': ["<div description='Maps app'> </div>"], 'id=9': ["<div description='Calendar app'> </div>"], 'id=10': ["<div description='Drive app'> </div>"], 'id=11': ["<div description='Gmail app'> </div>"], 'id=12': ["<div description='Google app'> </div>"]}
2023-08-08 11:42:00.388 | WARNING  | src.predict:predict:191 - Components: {"<div id=1 class='' description='ClockCan be expanded into a service widget'> Clock </div>\n": ["<div description='Clock widget'> </div>"], "<div id=2 class='' description='YouTube'> YouTube </div>\n": ["<div description='YouTube app'> </div>"], "<div id=3 class='' description='BrowserCan be expanded into a service widget'> Browser </div>\n": ["<div description='Browser widget'> </div>"], "<div id=4 class='' description='Settings'> Settings </div>\n": ["<div description='Settings menu'> </div>"], "<div id=5 class='' description='WeatherCan be expanded into a service widget'> Weather </div>\n": ["<div description='Weather widget'> </div>"], "<div id=6 class='' description='Instagram'> Instagram </div>\n": ["<div description='Instagram app'> </div>"], "<div id=7 class='' description='Play Store'> Play Store </div>\n": ["<div description='Play Store app'> </div>"], "<div id=8 class='' description='Maps'> Maps </div>\n": ["<div description='Maps app'> </div>"], "<div id=9 class='' description='Calendar'> Calendar </div>\n": ["<div description='Calendar app'> </div>"], "<div id=10 class='' description='Drive'> Drive </div>\n": ["<div description='Drive app'> </div>"], "<div id=11 class='' description='Gmail'> Gmail </div>\n": ["<div description='Gmail app'> </div>"], "<div id=12 class='' description='Google'> Google </div>\n": ["<div description='Google app'> </div>"]}
2023-08-08 11:42:00.389 | DEBUG    | src.predict:predict:192 - Predict for Model 0 Done
--------------------Suggest--------------------
2023-08-08 11:42:00.397 | DEBUG    | src.suggest:suggest:93 - Suggest for Model 0
2023-08-08 11:42:00.397 | INFO     | src.suggest:suggest:94 - Current Page: Home screen or dashboard
2023-08-08 11:42:00.397 | INFO     | src.suggest:suggest:96 - Current Path:  -> Page:Home screen or dashboard
2023-08-08 11:42:00.397 | INFO     | src.suggest:suggest:97 - Task: change notification settings in the gmail app
2023-08-08 11:42:00.398 | INFO     | src.suggest:suggest:98 - Prompt: {"role": "user", "content": "\n                    Intention :'change notification settings in the gmail app'.\n                    Current path:  -> Page:Home screen or dashboard\n                    Components:\n                    '''HTML\n                    [\"<div id=1 class='' description='ClockCan be expanded into a service widget'> Clock\\n/* Below are predicted after-click components */\\n    <div description='Clock widget'> </div> </div>\\n\", \"<div id=2 class='' description='YouTube'> YouTube\\n/* Below are predicted after-click components */\\n    <div description='YouTube app'> </div> </div>\\n\", \"<div id=3 class='' description='BrowserCan be expanded into a service widget'> Browser\\n/* Below are predicted after-click components */\\n    <div description='Browser widget'> </div> </div>\\n\", \"<div id=4 class='' description='Settings'> Settings\\n/* Below are predicted after-click components */\\n    <div description='Settings menu'> </div> </div>\\n\", \"<div id=5 class='' description='WeatherCan be expanded into a service widget'> Weather\\n/* Below are predicted after-click components */\\n    <div description='Weather widget'> </div> </div>\\n\", \"<div id=6 class='' description='Instagram'> Instagram\\n/* Below are predicted after-click components */\\n    <div description='Instagram app'> </div> </div>\\n\", \"<div id=7 class='' description='Play Store'> Play Store\\n/* Below are predicted after-click components */\\n    <div description='Play Store app'> </div> </div>\\n\", \"<div id=8 class='' description='Maps'> Maps\\n/* Below are predicted after-click components */\\n    <div description='Maps app'> </div> </div>\\n\", \"<div id=9 class='' description='Calendar'> Calendar\\n/* Below are predicted after-click components */\\n    <div description='Calendar app'> </div> </div>\\n\", \"<div id=10 class='' description='Drive'> Drive\\n/* Below are predicted after-click components */\\n    <div description='Drive app'> </div> </div>\\n\", \"<div id=11 class='' description='Gmail'> Gmail\\n/* Below are predicted after-click components */\\n    <div description='Gmail app'> </div> </div>\\n\", \"<div id=12 class='' description='Google'> Google\\n/* Below are predicted after-click components */\\n    <div description='Google app'> </div> </div>\\n\"]\n                    '''\n                    Examples from Library:\n                    [\"View my notifications or messages on Zhihu:['Tap the profile icon on the bottom right', 'Tap the bell icon or the message icon on the top left', 'Select a notification or message from the list']\", \"Turn off notifications from TikTok:['Me', 'Settings and privacy', 'Notifications', 'Toggle off Allow notifications']\", \"Turn on push notifications for comments and likes on Weibo:['Me', 'Settings', 'Notifications', 'Toggle on Comments and Likes']\", \"Turn off WeChat notifications for chat group 2:['Select the group 2', 'Toggle on Mute Notifications']\"]\n                "}
2023-08-08 11:42:08.871 | WARNING  | src.suggest:suggest:115 - Response: [4, 11, 1, 2, 3]
2023-08-08 11:42:08.871 | DEBUG    | src.suggest:suggest:116 - Suggest for Model 0 Done
--------------------Plan--------------------
2023-08-08 11:42:08.881 | DEBUG    | src.suggest:plan:191 - Plan for Model 0
2023-08-08 11:42:08.881 | INFO     | src.suggest:plan:192 - Prompt: {"role": "user", "content": "\n                Task: change notification settings in the gmail app,\nCurrent Page : Home screen or dashboard:\nCandidates:[\"<div id=4 class='' description='Settings'> Settings </div>\\n\", \"<div id=11 class='' description='Gmail'> Gmail </div>\\n\", \"<div id=1 class='' description='ClockCan be expanded into a service widget'> Clock </div>\\n\", \"<div id=2 class='' description='YouTube'> YouTube </div>\\n\", \"<div id=3 class='' description='BrowserCan be expanded into a service widget'> Browser </div>\\n\"]"}
2023-08-08 11:42:14.830 | WARNING  | src.suggest:plan:211 - Candidate Action: ['click', 'click', 'click', 'click', 'click']
2023-08-08 11:42:14.832 | WARNING  | src.suggest:plan:213 - Candidate Text: [None, None, None, None, None]
2023-08-08 11:42:14.832 | DEBUG    | src.suggest:plan:214 - Plan for Model 0 Done
--------------------Evaluate--------------------
2023-08-08 11:42:14.840 | DEBUG    | src.evaluate:evaluate:67 - Evaluate for Model 0
2023-08-08 11:42:14.841 | INFO     | src.evaluate:evaluate:68 - Current Page: Home screen or dashboard
2023-08-08 11:42:14.841 | INFO     | src.evaluate:evaluate:70 - Current Path:  -> Page:Home screen or dashboard
2023-08-08 11:42:14.841 | INFO     | src.evaluate:evaluate:71 - Task: change notification settings in the gmail app
2023-08-08 11:42:29.028 | INFO     | src.evaluate:evaluate:93 - Judge Scores: [9. 7. 2. 3. 2.]
2023-08-08 11:42:29.028 | INFO     | src.evaluate:evaluate:94 - Weights: [1.0]
2023-08-08 11:42:29.029 | WARNING  | src.evaluate:evaluate:95 - Score: [9. 7. 2. 3. 2.]
2023-08-08 11:42:29.029 | DEBUG    | src.evaluate:evaluate:96 - Evaluate for Model 0 Done
--------------------Decide--------------------
2023-08-08 11:42:35.714 | DEBUG    | src.decide:decide:98 - Decide for Model 0
2023-08-08 11:42:35.715 | INFO     | src.decide:decide:99 - Current Page: Home screen or dashboard
2023-08-08 11:42:35.715 | INFO     | src.decide:decide:100 - Current Path: ->Page:Home screen or dashboard->Action: Click on <div id=4 class='' description='Settings'> Settings </div>

2023-08-08 11:42:35.715 | INFO     | src.decide:decide:101 - Task: change notification settings in the gmail app
2023-08-08 11:42:35.715 | INFO     | src.decide:decide:102 - Prompt: {"role": "user", "content": "\nTask:change notification settings in the gmail app\nAction trace:->Page:Home screen or dashboard->Action: Click on <div id=4 class='' description='Settings'> Settings </div>\n\nLast Page:[\"<div id=1 class='' >  </div>\\n\", \"<div id=2 class='' > Battery </div>\\n\", \"<div id=3 class='' > Apps & services </div>\\n\", \"<div id=4 class='' > Biometrics & password </div>\\n\", \"<div id=5 class='' > Notifications & status bar </div>\\n\", \"<div id=6 class='' > Sounds & vibration </div>\\n\", \"<div id=7 class='' > Display & brightness </div>\\n\", \"<div id=8 class='' > Home screen & wallpaper </div>\\n\", \"<div id=9 class='' > More connections </div>\\n\", \"<div id=10 class='' > Super Device </div>\\n\", \"<div id=11 class='' > Mobile network </div>\\n\", \"<div id=12 class='' >  </div>\\n\", \"<div id=13 class='android:id/search_bar' description='Search query'> Search\\n    <div id=14 class='android:id/search_edit_frame' description='Search query'> Search </div>\\n\\n    <div id=15 class='android:id/search_plate' description='Search query'> Search </div>\\n\\n    <div id=16 class='android:id/search_src_text' description='Search query'> Search </div>\\n </div>\\n\"]\nCompleted Examples from Library:\n[\"View my notifications or messages on Zhihu:['Tap the profile icon on the bottom right', 'Tap the bell icon or the message icon on the top left', 'Select a notification or message from the list']\", \"Turn off notifications from TikTok:['Me', 'Settings and privacy', 'Notifications', 'Toggle off Allow notifications']\", \"Turn on push notifications for comments and likes on Weibo:['Me', 'Settings', 'Notifications', 'Toggle on Comments and Likes']\", \"Turn off WeChat notifications for chat group 2:['Select the group 2', 'Toggle on Mute Notifications']\"]\n            "}
--------------------Predict--------------------
2023-08-08 11:43:14.871 | DEBUG    | src.predict:predict:74 - Predict for Model 0
2023-08-08 11:43:14.871 | INFO     | src.predict:predict:76 - Current Path: 
2023-08-08 11:43:14.872 | INFO     | src.predict:predict:77 - Task: go to notification settings in the gmail app
2023-08-08 11:43:40.621 | INFO     | src.predict:predict:186 - Response: {'Page': 'Home screen or dashboard', 'id=1': ["<div description='Clock Widget'> </div>"], 'id=2': [], 'id=3': ["<div description='Browser Widget'> </div>"], 'id=4': [], 'id=5': ["<div description='Weather Widget'> </div>"], 'id=6': [], 'id=7': [], 'id=8': [], 'id=9': [], 'id=10': [], 'id=11': [], 'id=12': []}
2023-08-08 11:43:40.622 | WARNING  | src.predict:predict:191 - Components: {"<div id=1 class='' description='ClockCan be expanded into a service widget'> Clock </div>\n": ["<div description='Clock Widget'> </div>"], "<div id=2 class='' description='YouTube'> YouTube </div>\n": [], "<div id=3 class='' description='BrowserCan be expanded into a service widget'> Browser </div>\n": ["<div description='Browser Widget'> </div>"], "<div id=4 class='' description='Settings'> Settings </div>\n": [], "<div id=5 class='' description='WeatherCan be expanded into a service widget'> Weather </div>\n": ["<div description='Weather Widget'> </div>"], "<div id=6 class='' description='Instagram'> Instagram </div>\n": [], "<div id=7 class='' description='Play Store'> Play Store </div>\n": [], "<div id=8 class='' description='Maps'> Maps </div>\n": [], "<div id=9 class='' description='Calendar'> Calendar </div>\n": [], "<div id=10 class='' description='Drive'> Drive </div>\n": [], "<div id=11 class='' description='Gmail'> Gmail </div>\n": [], "<div id=12 class='' description='Google'> Google </div>\n": []}
2023-08-08 11:43:40.623 | DEBUG    | src.predict:predict:192 - Predict for Model 0 Done
--------------------Suggest--------------------
2023-08-08 11:43:40.631 | DEBUG    | src.suggest:suggest:93 - Suggest for Model 0
2023-08-08 11:43:40.631 | INFO     | src.suggest:suggest:94 - Current Page: Home screen or dashboard
2023-08-08 11:43:40.631 | INFO     | src.suggest:suggest:96 - Current Path:  -> Page:Home screen or dashboard
2023-08-08 11:43:40.632 | INFO     | src.suggest:suggest:97 - Task: go to notification settings in the gmail app
2023-08-08 11:43:40.632 | INFO     | src.suggest:suggest:98 - Prompt: {"role": "user", "content": "\n                    Intention :'go to notification settings in the gmail app'.\n                    Current path:  -> Page:Home screen or dashboard\n                    Components:\n                    '''HTML\n                    [\"<div id=1 class='' description='ClockCan be expanded into a service widget'> Clock\\n/* Below are predicted after-click components */\\n    <div description='Clock Widget'> </div> </div>\\n\", \"<div id=2 class='' description='YouTube'> YouTube\\n/* Below are predicted after-click components */\\n     </div>\\n\", \"<div id=3 class='' description='BrowserCan be expanded into a service widget'> Browser\\n/* Below are predicted after-click components */\\n    <div description='Browser Widget'> </div> </div>\\n\", \"<div id=4 class='' description='Settings'> Settings\\n/* Below are predicted after-click components */\\n     </div>\\n\", \"<div id=5 class='' description='WeatherCan be expanded into a service widget'> Weather\\n/* Below are predicted after-click components */\\n    <div description='Weather Widget'> </div> </div>\\n\", \"<div id=6 class='' description='Instagram'> Instagram\\n/* Below are predicted after-click components */\\n     </div>\\n\", \"<div id=7 class='' description='Play Store'> Play Store\\n/* Below are predicted after-click components */\\n     </div>\\n\", \"<div id=8 class='' description='Maps'> Maps\\n/* Below are predicted after-click components */\\n     </div>\\n\", \"<div id=9 class='' description='Calendar'> Calendar\\n/* Below are predicted after-click components */\\n     </div>\\n\", \"<div id=10 class='' description='Drive'> Drive\\n/* Below are predicted after-click components */\\n     </div>\\n\", \"<div id=11 class='' description='Gmail'> Gmail\\n/* Below are predicted after-click components */\\n     </div>\\n\", \"<div id=12 class='' description='Google'> Google\\n/* Below are predicted after-click components */\\n     </div>\\n\"]\n                    '''\n                    Examples from Library:\n                    [\"View my notifications or messages on Zhihu:['Tap the profile icon on the bottom right', 'Tap the bell icon or the message icon on the top left', 'Select a notification or message from the list']\", \"Turn off notifications from TikTok:['Me', 'Settings and privacy', 'Notifications', 'Toggle off Allow notifications']\", \"Turn on push notifications for comments and likes on Weibo:['Me', 'Settings', 'Notifications', 'Toggle on Comments and Likes']\", \"Turn off WeChat notifications for chat group 2:['Select the group 2', 'Toggle on Mute Notifications']\"]\n                "}
2023-08-08 11:43:51.085 | WARNING  | src.suggest:suggest:115 - Response: [4, 11, 1, 3, 5]
2023-08-08 11:43:51.086 | DEBUG    | src.suggest:suggest:116 - Suggest for Model 0 Done
--------------------Plan--------------------
2023-08-08 11:43:51.095 | DEBUG    | src.suggest:plan:191 - Plan for Model 0
2023-08-08 11:43:51.096 | INFO     | src.suggest:plan:192 - Prompt: {"role": "user", "content": "\n                Task: go to notification settings in the gmail app,\nCurrent Page : Home screen or dashboard:\nCandidates:[\"<div id=4 class='' description='Settings'> Settings </div>\\n\", \"<div id=11 class='' description='Gmail'> Gmail </div>\\n\", \"<div id=1 class='' description='ClockCan be expanded into a service widget'> Clock </div>\\n\", \"<div id=3 class='' description='BrowserCan be expanded into a service widget'> Browser </div>\\n\", \"<div id=5 class='' description='WeatherCan be expanded into a service widget'> Weather </div>\\n\"]"}
2023-08-08 11:44:00.241 | WARNING  | src.suggest:plan:211 - Candidate Action: ['click', 'click', 'click', 'click', 'click']
2023-08-08 11:44:00.242 | WARNING  | src.suggest:plan:213 - Candidate Text: [None, None, None, None, None]
2023-08-08 11:44:00.242 | DEBUG    | src.suggest:plan:214 - Plan for Model 0 Done
--------------------Evaluate--------------------
2023-08-08 11:44:00.249 | DEBUG    | src.evaluate:evaluate:67 - Evaluate for Model 0
2023-08-08 11:44:00.250 | INFO     | src.evaluate:evaluate:68 - Current Page: Home screen or dashboard
2023-08-08 11:44:00.250 | INFO     | src.evaluate:evaluate:70 - Current Path:  -> Page:Home screen or dashboard
2023-08-08 11:44:00.250 | INFO     | src.evaluate:evaluate:71 - Task: go to notification settings in the gmail app
2023-08-08 11:44:14.979 | INFO     | src.evaluate:evaluate:93 - Judge Scores: [9. 6. 2. 2. 2.]
2023-08-08 11:44:14.981 | INFO     | src.evaluate:evaluate:94 - Weights: [1.0]
2023-08-08 11:44:14.981 | WARNING  | src.evaluate:evaluate:95 - Score: [9. 6. 2. 2. 2.]
2023-08-08 11:44:14.981 | DEBUG    | src.evaluate:evaluate:96 - Evaluate for Model 0 Done
--------------------Decide--------------------
2023-08-08 11:44:20.906 | DEBUG    | src.decide:decide:98 - Decide for Model 0
2023-08-08 11:44:20.906 | INFO     | src.decide:decide:99 - Current Page: Home screen or dashboard
2023-08-08 11:44:20.906 | INFO     | src.decide:decide:100 - Current Path: ->Page:Home screen or dashboard->Action: Click on <div id=4 class='' description='Settings'> Settings </div>

2023-08-08 11:44:20.907 | INFO     | src.decide:decide:101 - Task: go to notification settings in the gmail app
2023-08-08 11:44:20.907 | INFO     | src.decide:decide:102 - Prompt: {"role": "user", "content": "\nTask:go to notification settings in the gmail app\nAction trace:->Page:Home screen or dashboard->Action: Click on <div id=4 class='' description='Settings'> Settings </div>\n\nLast Page:[\"<div id=1 class='' >  </div>\\n\", \"<div id=2 class='' > Battery </div>\\n\", \"<div id=3 class='' > Apps & services </div>\\n\", \"<div id=4 class='' > Biometrics & password </div>\\n\", \"<div id=5 class='' > Notifications & status bar </div>\\n\", \"<div id=6 class='' > Sounds & vibration </div>\\n\", \"<div id=7 class='' > Display & brightness </div>\\n\", \"<div id=8 class='' > Home screen & wallpaper </div>\\n\", \"<div id=9 class='' > More connections </div>\\n\", \"<div id=10 class='' > Super Device </div>\\n\", \"<div id=11 class='' > Mobile network </div>\\n\", \"<div id=12 class='' >  </div>\\n\", \"<div id=13 class='android:id/search_bar' description='Search query'> Search\\n    <div id=14 class='android:id/search_edit_frame' description='Search query'> Search </div>\\n\\n    <div id=15 class='android:id/search_plate' description='Search query'> Search </div>\\n\\n    <div id=16 class='android:id/search_src_text' description='Search query'> Search </div>\\n </div>\\n\"]\nCompleted Examples from Library:\n[\"View my notifications or messages on Zhihu:['Tap the profile icon on the bottom right', 'Tap the bell icon or the message icon on the top left', 'Select a notification or message from the list']\", \"Turn off notifications from TikTok:['Me', 'Settings and privacy', 'Notifications', 'Toggle off Allow notifications']\", \"Turn on push notifications for comments and likes on Weibo:['Me', 'Settings', 'Notifications', 'Toggle on Comments and Likes']\", \"Turn off WeChat notifications for chat group 2:['Select the group 2', 'Toggle on Mute Notifications']\"]\n            "}
